TN:
SF:src/App.tsx
FN:36,App
FN:37,(anonymous_1)
FN:41,(anonymous_2)
FN:43,(anonymous_3)
FN:45,(anonymous_4)
FN:61,(anonymous_5)
FN:62,(anonymous_6)
FN:73,(anonymous_7)
FN:74,(anonymous_8)
FN:75,(anonymous_9)
FN:76,(anonymous_10)
FN:80,(anonymous_11)
FN:81,(anonymous_12)
FN:83,(anonymous_13)
FN:90,(anonymous_14)
FN:113,(anonymous_15)
FN:126,(anonymous_16)
FN:127,(anonymous_17)
FN:143,(anonymous_18)
FN:177,(anonymous_19)
FN:185,(anonymous_20)
FNF:21
FNH:13
FNDA:30,App
FNDA:99,(anonymous_1)
FNDA:87,(anonymous_2)
FNDA:11,(anonymous_3)
FNDA:10,(anonymous_4)
FNDA:0,(anonymous_5)
FNDA:10,(anonymous_6)
FNDA:11,(anonymous_7)
FNDA:0,(anonymous_8)
FNDA:11,(anonymous_9)
FNDA:8,(anonymous_10)
FNDA:100,(anonymous_11)
FNDA:87,(anonymous_12)
FNDA:11,(anonymous_13)
FNDA:0,(anonymous_14)
FNDA:0,(anonymous_15)
FNDA:0,(anonymous_16)
FNDA:0,(anonymous_17)
FNDA:0,(anonymous_18)
FNDA:1,(anonymous_19)
FNDA:0,(anonymous_20)
DA:37,99
DA:38,30
DA:39,30
DA:40,30
DA:41,87
DA:43,30
DA:44,11
DA:46,10
DA:47,11
DA:54,11
DA:55,5
DA:56,6
DA:57,6
DA:62,10
DA:65,30
DA:66,30
DA:67,30
DA:68,30
DA:69,30
DA:70,30
DA:71,30
DA:73,30
DA:74,11
DA:75,11
DA:76,11
DA:80,100
DA:81,87
DA:83,30
DA:84,11
DA:85,2
DA:86,2
DA:90,30
DA:91,0
DA:92,0
DA:93,0
DA:97,30
DA:98,18
DA:102,11
DA:108,30
DA:109,2
DA:110,2
DA:113,0
DA:121,9
DA:122,1
DA:126,0
DA:128,0
DA:129,0
DA:139,8
DA:140,0
DA:143,0
DA:151,8
DA:152,2
DA:174,6
DA:178,1
DA:179,1
DA:180,1
DA:181,1
DA:186,0
DA:187,0
DA:188,0
DA:189,0
LF:61
LH:48
BRDA:54,0,0,5
BRDA:54,0,1,6
BRDA:56,1,0,6
BRDA:56,1,1,0
BRDA:84,2,0,2
BRDA:84,2,1,9
BRDA:97,3,0,18
BRDA:97,3,1,12
BRDA:102,4,0,11
BRDA:102,4,1,11
BRDA:102,4,2,11
BRDA:102,4,3,11
BRDA:102,4,4,0
BRDA:108,5,0,2
BRDA:108,5,1,28
BRDA:108,6,0,30
BRDA:108,6,1,9
BRDA:109,7,0,0
BRDA:109,7,1,2
BRDA:121,8,0,1
BRDA:121,8,1,8
BRDA:139,9,0,0
BRDA:139,9,1,8
BRDA:151,10,0,2
BRDA:151,10,1,6
BRDA:151,11,0,8
BRDA:151,11,1,2
BRDA:155,12,0,2
BRDA:155,12,1,0
BRDA:155,13,0,2
BRDA:155,13,1,2
BRDA:155,13,2,1
BRDA:155,13,3,1
BRDA:159,14,0,1
BRDA:159,14,1,1
BRDA:192,15,0,6
BRDA:192,15,1,6
BRDA:193,16,0,30
BRDA:193,16,1,0
BRDA:194,17,0,30
BRDA:194,17,1,0
BRF:41
BRH:34
end_of_record
TN:
SF:src/components/ui/AppShell.tsx
FN:14,AppShell
FN:80,(anonymous_1)
FN:84,(anonymous_2)
FNF:3
FNH:2
FNDA:12,AppShell
FNDA:18,(anonymous_1)
FNDA:0,(anonymous_2)
DA:21,12
DA:23,12
DA:29,12
DA:81,18
DA:84,0
LF:5
LH:4
BRDA:39,0,0,12
BRDA:39,0,1,6
BRDA:54,1,0,12
BRDA:54,1,1,6
BRDA:75,2,0,12
BRDA:75,2,1,6
BRDA:86,3,0,6
BRDA:86,3,1,12
BRDA:90,4,0,6
BRDA:90,4,1,12
BRF:10
BRH:10
end_of_record
TN:
SF:src/components/ui/ErrorBoundary.tsx
FN:13,(anonymous_0)
FN:18,(anonymous_1)
FN:22,(anonymous_2)
FN:26,(anonymous_3)
FNF:4
FNH:4
FNDA:19,(anonymous_0)
FNDA:3,(anonymous_1)
FNDA:4,(anonymous_2)
FNDA:26,(anonymous_3)
DA:14,19
DA:15,19
DA:19,8
DA:23,4
DA:27,26
DA:28,8
DA:41,18
LF:7
LH:7
BRDA:27,0,0,8
BRDA:27,0,1,18
BRF:2
BRH:2
end_of_record
TN:
SF:src/components/ui/StatusBadge.tsx
FN:17,StatusBadge
FNF:1
FNH:1
FNDA:36,StatusBadge
DA:11,2
DA:18,36
DA:20,36
DA:26,36
LF:4
LH:4
BRDA:36,0,0,36
BRDA:36,0,1,29
BRF:2
BRH:2
end_of_record
TN:
SF:src/components/ui/badge.tsx
FN:29,Badge
FNF:1
FNH:1
FNDA:115,Badge
DA:6,10
DA:30,115
LF:2
LH:2
BRF:0
BRH:0
end_of_record
TN:
SF:src/components/ui/button.tsx
FN:39,(anonymous_0)
FNF:1
FNH:1
FNDA:308,(anonymous_0)
DA:7,10
DA:39,10
DA:41,308
DA:42,308
DA:47,10
LF:5
LH:5
BRDA:40,0,0,308
BRDA:41,1,0,0
BRDA:41,1,1,308
BRF:3
BRH:2
end_of_record
TN:
SF:src/components/ui/card.tsx
FN:5,(anonymous_0)
FN:16,(anonymous_1)
FN:23,(anonymous_2)
FN:34,(anonymous_3)
FN:41,(anonymous_4)
FN:48,(anonymous_5)
FNF:6
FNH:6
FNDA:3,(anonymous_0)
FNDA:2,(anonymous_1)
FNDA:2,(anonymous_2)
FNDA:2,(anonymous_3)
FNDA:2,(anonymous_4)
FNDA:2,(anonymous_5)
DA:5,1
DA:7,3
DA:14,1
DA:16,1
DA:18,2
DA:21,1
DA:23,1
DA:25,2
DA:32,1
DA:34,1
DA:36,2
DA:39,1
DA:41,1
DA:43,2
DA:46,1
DA:48,1
DA:50,2
DA:53,1
LF:18
LH:18
BRF:0
BRH:0
end_of_record
TN:
SF:src/components/ui/dialog.tsx
FN:15,(anonymous_0)
FN:30,(anonymous_1)
FN:54,(anonymous_2)
FN:59,(anonymous_3)
FN:67,(anonymous_4)
FN:79,(anonymous_5)
FNF:6
FNH:6
FNDA:104,(anonymous_0)
FNDA:117,(anonymous_1)
FNDA:53,(anonymous_2)
FNDA:44,(anonymous_3)
FNDA:53,(anonymous_4)
FNDA:15,(anonymous_5)
DA:7,8
DA:9,8
DA:11,8
DA:13,8
DA:15,8
DA:19,104
DA:28,8
DA:30,8
DA:34,117
DA:52,8
DA:54,8
DA:55,53
DA:57,8
DA:59,8
DA:60,44
DA:65,8
DA:67,8
DA:71,53
DA:77,8
DA:79,8
DA:83,15
DA:89,8
LF:22
LH:22
BRF:0
BRH:0
end_of_record
TN:
SF:src/components/ui/progress.tsx
FN:8,(anonymous_0)
FNF:1
FNH:1
FNDA:26,(anonymous_0)
DA:1,6
DA:8,6
DA:12,26
DA:23,6
LF:4
LH:4
BRDA:19,0,0,26
BRDA:19,0,1,3
BRF:2
BRH:2
end_of_record
TN:
SF:src/components/ui/scroll-area.tsx
FN:8,(anonymous_0)
FN:26,(anonymous_1)
FNF:2
FNH:2
FNDA:55,(anonymous_0)
FNDA:55,(anonymous_1)
DA:1,8
DA:8,8
DA:12,55
DA:24,8
DA:26,8
DA:30,55
DA:44,8
LF:7
LH:7
BRDA:29,0,0,55
BRDA:35,1,0,55
BRDA:35,1,1,55
BRDA:36,2,0,55
BRDA:36,2,1,0
BRF:5
BRH:4
end_of_record
TN:
SF:src/components/ui/separator.tsx
FN:6,(anonymous_0)
FNF:1
FNH:1
FNDA:254,(anonymous_0)
DA:6,4
DA:10,254
DA:22,4
LF:3
LH:3
BRDA:9,0,0,254
BRDA:9,1,0,254
BRDA:16,2,0,254
BRDA:16,2,1,0
BRF:4
BRH:3
end_of_record
TN:
SF:src/components/ui/skeleton.tsx
FN:3,Skeleton
FNF:1
FNH:1
FNDA:219,Skeleton
DA:4,219
LF:1
LH:1
BRF:0
BRH:0
end_of_record
TN:
SF:src/components/ui/tabs.tsx
FN:10,(anonymous_0)
FN:25,(anonymous_1)
FN:40,(anonymous_2)
FNF:3
FNH:3
FNDA:6,(anonymous_0)
FNDA:9,(anonymous_1)
FNDA:9,(anonymous_2)
DA:1,1
DA:8,1
DA:10,1
DA:14,6
DA:23,1
DA:25,1
DA:29,9
DA:38,1
DA:40,1
DA:44,9
DA:53,1
LF:11
LH:11
BRF:0
BRH:0
end_of_record
TN:
SF:src/components/ui/tooltip.tsx
FN:12,(anonymous_0)
FNF:1
FNH:1
FNDA:30,(anonymous_0)
DA:6,4
DA:8,4
DA:10,4
DA:12,4
DA:16,30
DA:26,4
LF:6
LH:6
BRDA:15,0,0,30
BRF:1
BRH:1
end_of_record
TN:
SF:src/features/connections/ConnectionCard.tsx
FN:11,getStatusDotClass
FN:23,ConnectionCard
FNF:2
FNH:2
FNDA:51,getStatusDotClass
FNDA:51,ConnectionCard
DA:12,51
DA:13,51
DA:15,51
DA:17,0
DA:19,0
DA:24,51
DA:25,51
DA:26,51
DA:30,51
LF:9
LH:7
BRDA:12,0,0,0
BRDA:12,0,1,51
BRDA:13,1,0,51
BRDA:13,1,1,0
BRDA:13,1,2,0
BRDA:26,2,0,51
BRDA:26,2,1,0
BRDA:38,3,0,51
BRDA:38,3,1,51
BRF:9
BRH:5
end_of_record
TN:
SF:src/features/connections/ConnectionForm.tsx
FN:33,SpinnerIcon
FN:58,ConnectionForm
FN:78,(anonymous_2)
FN:84,(anonymous_3)
FN:91,(anonymous_4)
FN:107,(anonymous_5)
FN:115,getCurrentCredentials
FN:119,credentialsMatchTested
FN:126,isLocalhost
FN:135,handleUrlBlur
FN:151,handleFieldChange
FN:152,(anonymous_11)
FN:154,(anonymous_12)
FN:164,handleBaseUrlChange
FN:167,(anonymous_14)
FN:181,handleTest
FN:246,(anonymous_16)
FN:288,(anonymous_17)
FNF:18
FNH:16
FNDA:4,SpinnerIcon
FNDA:38,ConnectionForm
FNDA:14,(anonymous_2)
FNDA:0,(anonymous_3)
FNDA:0,(anonymous_4)
FNDA:34,(anonymous_5)
FNDA:11,getCurrentCredentials
FNDA:7,credentialsMatchTested
FNDA:2,isLocalhost
FNDA:6,handleUrlBlur
FNDA:39,handleFieldChange
FNDA:5,(anonymous_11)
FNDA:5,(anonymous_12)
FNDA:6,handleBaseUrlChange
FNDA:6,(anonymous_14)
FNDA:4,handleTest
FNDA:6,(anonymous_16)
FNDA:1,(anonymous_17)
DA:34,4
DA:54,5
DA:56,5
DA:64,38
DA:65,38
DA:66,38
DA:69,38
DA:72,38
DA:75,38
DA:78,38
DA:79,14
DA:80,0
DA:82,14
DA:83,14
DA:85,0
DA:86,0
DA:88,0
DA:96,38
DA:97,38
DA:100,38
DA:103,38
DA:107,38
DA:108,34
DA:109,26
DA:111,8
DA:116,11
DA:120,7
DA:121,7
DA:122,7
DA:123,7
DA:127,2
DA:128,2
DA:129,2
DA:131,0
DA:136,6
DA:137,6
DA:138,6
DA:139,0
DA:140,6
DA:141,5
DA:142,1
DA:143,0
DA:144,1
DA:145,1
DA:147,0
DA:152,39
DA:153,5
DA:154,5
DA:155,5
DA:156,0
DA:157,0
DA:158,0
DA:165,6
DA:166,6
DA:167,6
DA:168,6
DA:169,0
DA:170,0
DA:171,0
DA:177,38
DA:179,38
DA:182,4
DA:183,4
DA:184,4
DA:186,4
DA:188,4
DA:190,4
DA:191,3
DA:192,3
DA:197,1
DA:198,1
DA:205,4
DA:207,4
DA:208,3
DA:209,3
DA:212,0
DA:220,4
DA:224,38
DA:235,38
DA:246,6
DA:288,1
LF:81
LH:66
BRDA:65,0,0,38
BRDA:65,0,1,38
BRDA:73,1,0,9
BRDA:73,1,1,29
BRDA:73,2,0,9
BRDA:73,2,1,9
BRDA:79,3,0,14
BRDA:79,3,1,0
BRDA:80,4,0,0
BRDA:80,4,1,0
BRDA:82,5,0,0
BRDA:82,5,1,0
BRDA:82,6,0,0
BRDA:82,6,1,0
BRDA:82,7,0,0
BRDA:82,7,1,0
BRDA:85,8,0,0
BRDA:85,8,1,0
BRDA:104,9,0,29
BRDA:104,9,1,9
BRDA:108,10,0,26
BRDA:108,10,1,8
BRDA:122,11,0,0
BRDA:122,11,1,7
BRDA:129,12,0,2
BRDA:129,12,1,2
BRDA:138,13,0,0
BRDA:138,13,1,6
BRDA:140,14,0,5
BRDA:140,14,1,1
BRDA:142,15,0,0
BRDA:142,15,1,1
BRDA:142,16,0,1
BRDA:142,16,1,1
BRDA:144,17,0,1
BRDA:144,17,1,0
BRDA:155,18,0,0
BRDA:155,18,1,5
BRDA:155,19,0,5
BRDA:155,19,1,4
BRDA:166,20,0,0
BRDA:166,20,1,6
BRDA:168,21,0,0
BRDA:168,21,1,6
BRDA:168,22,0,6
BRDA:168,22,1,3
BRDA:177,23,0,38
BRDA:177,23,1,37
BRDA:177,23,2,15
BRDA:177,23,3,1
BRDA:179,24,0,38
BRDA:179,24,1,22
BRDA:182,25,0,0
BRDA:182,25,1,4
BRDA:190,26,0,3
BRDA:190,26,1,1
BRDA:207,27,0,3
BRDA:207,27,1,1
BRDA:230,28,0,4
BRDA:230,28,1,34
BRDA:250,29,0,1
BRDA:250,29,1,37
BRDA:252,30,0,29
BRDA:252,30,1,9
BRDA:258,31,0,38
BRDA:258,31,1,1
BRDA:266,32,0,38
BRDA:266,32,1,29
BRDA:278,33,0,38
BRDA:278,33,1,9
BRDA:315,34,0,20
BRDA:315,34,1,18
BRDA:320,35,0,38
BRDA:320,35,1,4
BRDA:321,36,0,4
BRDA:321,36,1,34
BRF:76
BRH:57
end_of_record
TN:
SF:src/features/connections/SecretInput.tsx
FN:15,SecretInput
FN:29,handleHelpClick
FN:31,(anonymous_2)
FN:55,(anonymous_3)
FN:70,(anonymous_4)
FN:70,(anonymous_5)
FNF:6
FNH:5
FNDA:43,SecretInput
FNDA:1,handleHelpClick
FNDA:0,(anonymous_2)
FNDA:4,(anonymous_3)
FNDA:3,(anonymous_4)
FNDA:3,(anonymous_5)
DA:24,43
DA:25,43
DA:27,43
DA:30,1
DA:31,1
DA:32,0
DA:36,43
DA:55,4
DA:70,3
LF:9
LH:8
BRDA:20,0,0,43
BRDA:27,1,0,43
BRDA:27,1,1,43
BRDA:53,2,0,2
BRDA:53,2,1,41
BRDA:63,3,0,5
BRDA:63,3,1,38
BRDA:72,4,0,2
BRDA:72,4,1,41
BRDA:78,5,0,5
BRDA:78,5,1,38
BRDA:83,6,0,2
BRDA:83,6,1,41
BRF:13
BRH:13
end_of_record
TN:
SF:src/features/connections/SettingsPage.tsx
FN:29,ProjectSelector
FN:38,(anonymous_1)
FN:45,(anonymous_2)
FN:49,(anonymous_3)
FN:55,(anonymous_4)
FN:57,handleClickOutside
FN:64,(anonymous_6)
FN:67,(anonymous_7)
FN:68,(anonymous_8)
FN:87,(anonymous_9)
FN:122,(anonymous_10)
FN:133,(anonymous_11)
FN:153,(anonymous_12)
FN:157,(anonymous_13)
FN:202,SectionCard
FN:213,SettingsPage
FN:237,(anonymous_16)
FN:238,(anonymous_17)
FN:239,(anonymous_18)
FN:240,(anonymous_19)
FN:241,(anonymous_20)
FN:242,(anonymous_21)
FN:243,(anonymous_22)
FN:244,(anonymous_23)
FN:245,(anonymous_24)
FN:246,(anonymous_25)
FN:247,(anonymous_26)
FN:248,(anonymous_27)
FN:250,(anonymous_28)
FN:251,(anonymous_29)
FN:252,(anonymous_30)
FN:264,(anonymous_31)
FN:268,(anonymous_32)
FN:276,(anonymous_33)
FN:281,(anonymous_34)
FN:282,(anonymous_35)
FN:288,(anonymous_36)
FN:294,(anonymous_37)
FN:299,handlePresetChange
FN:304,handleJqlCustomChange
FN:309,handleResetJql
FN:315,handleAddUser
FN:327,handleRemoveUser
FN:328,(anonymous_43)
FN:333,handleKeyDown
FN:336,(anonymous_45)
FN:339,(anonymous_46)
FN:350,persistFetchConfig
FN:355,persistFetchConfigWith
FN:363,(anonymous_49)
FN:366,handleEdit
FN:370,handleEditTestSuccess
FN:391,(anonymous_52)
FN:398,(anonymous_53)
FN:410,(anonymous_54)
FN:418,NavItem
FN:423,(anonymous_56)
FN:436,renderContent
FN:460,(anonymous_58)
FN:469,(anonymous_59)
FN:476,(anonymous_60)
FN:486,(anonymous_61)
FN:493,(anonymous_62)
FN:516,(anonymous_63)
FN:525,(anonymous_64)
FN:532,(anonymous_65)
FN:542,(anonymous_66)
FN:549,(anonymous_67)
FN:565,(anonymous_68)
FN:572,(anonymous_69)
FN:611,(anonymous_70)
FN:643,(anonymous_71)
FN:645,(anonymous_72)
FN:648,(anonymous_73)
FN:648,(anonymous_74)
FN:673,(anonymous_75)
FN:679,(anonymous_76)
FN:709,(anonymous_77)
FN:722,(anonymous_78)
FN:839,ThemeSection
FN:841,(anonymous_80)
FN:842,(anonymous_81)
FN:864,(anonymous_82)
FN:868,(anonymous_83)
FN:887,LanguageSection
FN:889,(anonymous_85)
FN:890,(anonymous_86)
FN:899,(anonymous_87)
FN:903,(anonymous_88)
FNF:89
FNH:42
FNDA:54,ProjectSelector
FNDA:26,(anonymous_1)
FNDA:26,(anonymous_2)
FNDA:0,(anonymous_3)
FNDA:25,(anonymous_4)
FNDA:0,handleClickOutside
FNDA:0,(anonymous_6)
FNDA:0,(anonymous_7)
FNDA:0,(anonymous_8)
FNDA:0,(anonymous_9)
FNDA:0,(anonymous_10)
FNDA:0,(anonymous_11)
FNDA:0,(anonymous_12)
FNDA:0,(anonymous_13)
FNDA:75,SectionCard
FNDA:75,SettingsPage
FNDA:223,(anonymous_16)
FNDA:223,(anonymous_17)
FNDA:223,(anonymous_18)
FNDA:223,(anonymous_19)
FNDA:223,(anonymous_20)
FNDA:223,(anonymous_21)
FNDA:223,(anonymous_22)
FNDA:223,(anonymous_23)
FNDA:223,(anonymous_24)
FNDA:223,(anonymous_25)
FNDA:223,(anonymous_26)
FNDA:223,(anonymous_27)
FNDA:223,(anonymous_28)
FNDA:223,(anonymous_29)
FNDA:223,(anonymous_30)
FNDA:25,(anonymous_31)
FNDA:25,(anonymous_32)
FNDA:0,(anonymous_33)
FNDA:0,(anonymous_34)
FNDA:0,(anonymous_35)
FNDA:0,(anonymous_36)
FNDA:0,(anonymous_37)
FNDA:1,handlePresetChange
FNDA:0,handleJqlCustomChange
FNDA:0,handleResetJql
FNDA:0,handleAddUser
FNDA:0,handleRemoveUser
FNDA:0,(anonymous_43)
FNDA:0,handleKeyDown
FNDA:0,(anonymous_45)
FNDA:0,(anonymous_46)
FNDA:1,persistFetchConfig
FNDA:1,persistFetchConfigWith
FNDA:0,(anonymous_49)
FNDA:0,handleEdit
FNDA:0,handleEditTestSuccess
FNDA:0,(anonymous_52)
FNDA:0,(anonymous_53)
FNDA:0,(anonymous_54)
FNDA:518,NavItem
FNDA:20,(anonymous_56)
FNDA:74,renderContent
FNDA:0,(anonymous_58)
FNDA:0,(anonymous_59)
FNDA:0,(anonymous_60)
FNDA:0,(anonymous_61)
FNDA:0,(anonymous_62)
FNDA:0,(anonymous_63)
FNDA:0,(anonymous_64)
FNDA:0,(anonymous_65)
FNDA:0,(anonymous_66)
FNDA:0,(anonymous_67)
FNDA:24,(anonymous_68)
FNDA:1,(anonymous_69)
FNDA:0,(anonymous_70)
FNDA:0,(anonymous_71)
FNDA:0,(anonymous_72)
FNDA:0,(anonymous_73)
FNDA:0,(anonymous_74)
FNDA:0,(anonymous_75)
FNDA:0,(anonymous_76)
FNDA:1,(anonymous_77)
FNDA:0,(anonymous_78)
FNDA:6,ThemeSection
FNDA:20,(anonymous_80)
FNDA:20,(anonymous_81)
FNDA:18,(anonymous_82)
FNDA:2,(anonymous_83)
FNDA:10,LanguageSection
FNDA:33,(anonymous_85)
FNDA:33,(anonymous_86)
FNDA:20,(anonymous_87)
FNDA:3,(anonymous_88)
DA:30,54
DA:31,54
DA:32,54
DA:33,54
DA:34,54
DA:35,54
DA:36,54
DA:38,54
DA:39,26
DA:40,26
DA:41,26
DA:42,26
DA:43,26
DA:44,26
DA:46,26
DA:47,26
DA:50,0
DA:51,0
DA:55,54
DA:56,25
DA:58,0
DA:59,0
DA:60,0
DA:63,0
DA:64,0
DA:67,54
DA:68,54
DA:70,0
DA:74,54
DA:88,0
DA:89,0
DA:122,0
DA:134,0
DA:135,0
DA:136,0
DA:154,0
DA:158,0
DA:159,0
DA:160,0
DA:203,75
DA:214,75
DA:216,75
DA:218,75
DA:237,223
DA:238,223
DA:239,223
DA:240,223
DA:241,223
DA:242,223
DA:243,223
DA:244,223
DA:245,223
DA:246,223
DA:247,223
DA:248,223
DA:250,223
DA:251,223
DA:252,223
DA:253,75
DA:254,75
DA:256,75
DA:257,75
DA:258,75
DA:259,75
DA:260,75
DA:261,75
DA:262,75
DA:264,75
DA:265,25
DA:268,75
DA:269,25
DA:270,25
DA:271,25
DA:272,25
DA:273,25
DA:275,0
DA:276,0
DA:277,0
DA:282,0
DA:283,0
DA:284,0
DA:285,0
DA:286,0
DA:289,0
DA:290,0
DA:291,0
DA:294,0
DA:295,0
DA:300,1
DA:301,1
DA:305,0
DA:306,0
DA:310,0
DA:311,0
DA:312,0
DA:316,0
DA:317,0
DA:318,0
DA:319,0
DA:320,0
DA:321,0
DA:322,0
DA:323,0
DA:324,0
DA:328,0
DA:329,0
DA:330,0
DA:334,0
DA:335,0
DA:336,0
DA:337,0
DA:338,0
DA:339,0
DA:340,0
DA:341,0
DA:342,0
DA:343,0
DA:345,0
DA:346,0
DA:351,1
DA:352,1
DA:356,1
DA:357,1
DA:363,1
DA:367,0
DA:375,0
DA:376,0
DA:377,0
DA:385,0
DA:386,0
DA:387,0
DA:393,0
DA:394,0
DA:401,0
DA:412,0
DA:415,75
DA:419,518
DA:420,518
DA:423,20
DA:437,74
DA:438,0
DA:448,74
DA:450,50
DA:460,0
DA:470,0
DA:486,0
DA:494,0
DA:495,0
DA:496,0
DA:506,1
DA:516,0
DA:526,0
DA:542,0
DA:550,0
DA:551,0
DA:552,0
DA:562,6
DA:567,24
DA:572,1
DA:611,0
DA:630,3
DA:643,0
DA:646,0
DA:648,0
DA:674,0
DA:680,0
DA:681,0
DA:710,1
DA:722,0
DA:736,4
DA:743,10
DA:750,0
DA:758,75
DA:840,6
DA:841,20
DA:842,20
DA:844,6
DA:862,6
DA:865,18
DA:868,2
DA:888,10
DA:889,33
DA:890,33
DA:892,10
DA:897,10
DA:900,20
DA:903,3
LF:187
LH:94
BRDA:39,0,0,0
BRDA:39,0,1,26
BRDA:42,1,0,25
BRDA:42,1,1,1
BRDA:43,2,0,25
BRDA:43,2,1,1
BRDA:56,3,0,25
BRDA:56,3,1,0
BRDA:58,4,0,0
BRDA:58,4,1,0
BRDA:58,5,0,0
BRDA:58,5,1,0
BRDA:70,6,0,0
BRDA:70,6,1,0
BRDA:77,7,0,50
BRDA:77,7,1,1
BRDA:79,8,0,26
BRDA:79,8,1,25
BRDA:81,9,0,0
BRDA:81,9,1,25
BRDA:94,10,0,0
BRDA:94,10,1,25
BRDA:101,11,0,0
BRDA:101,11,1,25
BRDA:110,12,0,25
BRDA:110,12,1,0
BRDA:115,13,0,25
BRDA:115,13,1,0
BRDA:143,14,0,0
BRDA:143,14,1,0
BRDA:148,15,0,0
BRDA:148,15,1,0
BRDA:168,16,0,0
BRDA:168,16,1,0
BRDA:253,17,0,74
BRDA:253,17,1,0
BRDA:269,18,0,25
BRDA:269,18,1,0
BRDA:269,19,0,25
BRDA:269,19,1,0
BRDA:275,20,0,0
BRDA:275,20,1,0
BRDA:295,21,0,0
BRDA:295,21,1,0
BRDA:305,22,0,0
BRDA:305,22,1,0
BRDA:316,23,0,0
BRDA:316,23,1,0
BRDA:316,24,0,0
BRDA:316,24,1,0
BRDA:334,25,0,0
BRDA:334,25,1,0
BRDA:337,26,0,0
BRDA:337,26,1,0
BRDA:340,27,0,0
BRDA:340,27,1,0
BRDA:342,28,0,0
BRDA:342,28,1,0
BRDA:342,29,0,0
BRDA:342,29,1,0
BRDA:345,30,0,0
BRDA:345,30,1,0
BRDA:360,31,0,1
BRDA:360,31,1,0
BRDA:375,32,0,0
BRDA:375,32,1,0
BRDA:376,33,0,0
BRDA:376,33,1,0
BRDA:385,34,0,0
BRDA:385,34,1,0
BRDA:390,35,0,0
BRDA:390,35,1,0
BRDA:390,35,2,0
BRDA:396,36,0,0
BRDA:396,36,1,0
BRDA:397,37,0,0
BRDA:397,37,1,0
BRDA:403,38,0,0
BRDA:403,38,1,0
BRDA:415,39,0,75
BRDA:415,39,1,0
BRDA:426,40,0,74
BRDA:426,40,1,444
BRDA:437,41,0,0
BRDA:437,41,1,74
BRDA:448,42,0,50
BRDA:448,42,1,1
BRDA:448,42,2,6
BRDA:448,42,3,3
BRDA:448,42,4,4
BRDA:448,42,5,10
BRDA:448,42,6,0
BRDA:452,43,0,0
BRDA:452,43,1,50
BRDA:483,44,0,50
BRDA:483,44,1,50
BRDA:488,45,0,50
BRDA:488,45,1,50
BRDA:508,46,0,0
BRDA:508,46,1,1
BRDA:539,47,0,1
BRDA:539,47,1,1
BRDA:544,48,0,1
BRDA:544,48,1,1
BRDA:574,49,0,6
BRDA:574,49,1,18
BRDA:581,50,0,6
BRDA:581,50,1,18
BRDA:585,51,0,24
BRDA:585,51,1,6
BRDA:592,52,0,6
BRDA:592,52,1,18
BRDA:607,53,0,6
BRDA:607,53,1,1
BRDA:610,54,0,1
BRDA:610,54,1,1
BRDA:646,55,0,0
BRDA:646,55,1,0
BRDA:652,56,0,3
BRDA:652,56,1,0
BRDA:659,57,0,3
BRDA:659,57,1,0
BRDA:659,57,2,0
BRDA:659,57,3,0
BRDA:668,58,0,3
BRDA:668,58,1,0
BRDA:668,58,2,0
BRDA:684,59,0,0
BRDA:684,59,1,0
BRDA:685,60,0,0
BRDA:685,60,1,0
BRDA:703,61,0,2
BRDA:703,61,1,1
BRDA:870,62,0,6
BRDA:870,62,1,12
BRDA:876,63,0,6
BRDA:876,63,1,12
BRDA:905,64,0,10
BRDA:905,64,1,10
BRF:139
BRH:62
end_of_record
TN:
SF:src/features/connections/SetupWizard.tsx
FN:28,SetupWizard
FN:36,handleServerTestSuccess
FN:71,(anonymous_2)
FN:75,handleCloudTestSuccess
FN:110,(anonymous_4)
FN:114,handleTestInvalidated
FN:118,handleNext
FN:119,(anonymous_7)
FN:123,handleDone
FN:139,(anonymous_9)
FN:168,(anonymous_10)
FNF:11
FNH:6
FNDA:10,SetupWizard
FNDA:1,handleServerTestSuccess
FNDA:0,(anonymous_2)
FNDA:0,handleCloudTestSuccess
FNDA:0,(anonymous_4)
FNDA:0,handleTestInvalidated
FNDA:1,handleNext
FNDA:1,(anonymous_7)
FNDA:1,handleDone
FNDA:1,(anonymous_9)
FNDA:0,(anonymous_10)
DA:29,10
DA:30,10
DA:31,10
DA:33,10
DA:40,1
DA:41,1
DA:42,1
DA:44,1
DA:45,1
DA:51,0
DA:54,1
DA:61,1
DA:62,1
DA:71,0
DA:72,1
DA:79,0
DA:80,0
DA:81,0
DA:83,0
DA:84,0
DA:90,0
DA:93,0
DA:100,0
DA:101,0
DA:110,0
DA:111,0
DA:115,0
DA:119,1
DA:120,1
DA:124,1
DA:125,1
DA:129,10
DA:140,1
DA:169,0
LF:34
LH:19
BRDA:28,0,0,10
BRDA:41,1,0,1
BRDA:41,1,1,0
BRDA:42,2,0,1
BRDA:42,2,1,0
BRDA:80,3,0,0
BRDA:80,3,1,0
BRDA:81,4,0,0
BRDA:81,4,1,0
BRDA:124,5,0,1
BRDA:124,5,1,0
BRDA:134,6,0,10
BRDA:134,6,1,7
BRDA:145,7,0,7
BRDA:145,7,1,1
BRDA:160,8,0,10
BRDA:160,8,1,1
BRDA:174,9,0,1
BRDA:174,9,1,0
BRDA:189,10,0,10
BRDA:189,10,1,2
BRDA:189,10,2,2
BRDA:189,10,3,2
BRF:23
BRH:15
end_of_record
TN:
SF:src/features/connections/StepProgress.tsx
FN:7,getStepState
FN:16,CheckMark
FN:34,StepProgress
FN:45,(anonymous_3)
FNF:4
FNH:4
FNDA:30,getStepState
FNDA:5,CheckMark
FNDA:10,StepProgress
FNDA:30,(anonymous_3)
DA:11,30
DA:12,25
DA:13,15
DA:17,5
DA:35,10
DA:37,10
DA:43,10
DA:46,30
DA:47,30
LF:9
LH:9
BRDA:11,0,0,5
BRDA:11,0,1,25
BRDA:12,1,0,10
BRDA:12,1,1,15
BRDA:57,2,0,5
BRDA:57,2,1,25
BRDA:58,3,0,10
BRDA:58,3,1,20
BRDA:59,4,0,15
BRDA:59,4,1,15
BRDA:66,5,0,5
BRDA:66,5,1,25
BRDA:71,6,0,5
BRDA:71,6,1,25
BRDA:72,7,0,10
BRDA:72,7,1,20
BRDA:73,8,0,15
BRDA:73,8,1,15
BRDA:81,9,0,30
BRDA:81,9,1,20
BRDA:85,10,0,5
BRDA:85,10,1,15
BRF:22
BRH:22
end_of_record
TN:
SF:src/features/connections/SummaryStep.tsx
FN:4,CheckIcon
FN:31,ConnectionSummaryCard
FN:50,SummaryStep
FNF:3
FNH:3
FNDA:4,CheckIcon
FNDA:4,ConnectionSummaryCard
FNDA:2,SummaryStep
DA:5,4
DA:32,4
DA:51,2
DA:52,2
LF:4
LH:4
BRF:0
BRH:0
end_of_record
TN:
SF:src/features/connections/TestResult.tsx
FN:9,SuccessIcon
FN:29,ErrorIcon
FN:50,TestResult
FN:75,getErrorMessage
FNF:4
FNH:4
FNDA:5,SuccessIcon
FNDA:5,ErrorIcon
FNDA:42,TestResult
FNDA:5,getErrorMessage
DA:10,5
DA:30,5
DA:51,42
DA:53,42
DA:54,32
DA:57,10
DA:58,5
DA:59,5
DA:60,5
DA:61,5
DA:76,5
DA:78,1
DA:80,1
DA:82,1
DA:83,1
DA:84,1
DA:86,0
DA:89,1
DA:91,1
DA:93,0
DA:97,5
LF:21
LH:19
BRDA:53,0,0,32
BRDA:53,0,1,10
BRDA:57,1,0,5
BRDA:57,1,1,5
BRDA:58,2,0,3
BRDA:58,2,1,2
BRDA:59,3,0,5
BRDA:59,3,1,0
BRDA:60,4,0,5
BRDA:60,4,1,0
BRDA:76,5,0,1
BRDA:76,5,1,1
BRDA:76,5,2,1
BRDA:76,5,3,1
BRDA:76,5,4,1
BRDA:76,5,5,0
BRDA:82,6,0,1
BRDA:82,6,1,0
BRDA:83,7,0,1
BRDA:83,7,1,0
BRF:20
BRH:15
end_of_record
TN:
SF:src/features/connections/WizardStep.tsx
FN:9,WizardStep
FNF:1
FNH:1
FNDA:10,WizardStep
DA:10,10
LF:1
LH:1
BRDA:14,0,0,10
BRDA:14,0,1,8
BRF:2
BRH:2
end_of_record
TN:
SF:src/features/connections/connectionStore.ts
FN:29,(anonymous_0)
FN:36,(anonymous_1)
FN:37,(anonymous_2)
FN:38,(anonymous_3)
FN:39,(anonymous_4)
FN:40,(anonymous_5)
FN:41,(anonymous_6)
FN:42,(anonymous_7)
FN:43,(anonymous_8)
FN:44,(anonymous_9)
FN:62,(anonymous_10)
FNF:11
FNH:10
FNDA:14,(anonymous_0)
FNDA:16,(anonymous_1)
FNDA:15,(anonymous_2)
FNDA:8,(anonymous_3)
FNDA:104,(anonymous_4)
FNDA:4,(anonymous_5)
FNDA:3,(anonymous_6)
FNDA:3,(anonymous_7)
FNDA:3,(anonymous_8)
FNDA:25,(anonymous_9)
FNDA:0,(anonymous_10)
DA:29,14
DA:36,16
DA:37,15
DA:38,8
DA:39,104
DA:40,4
DA:41,3
DA:42,3
DA:43,3
DA:45,25
DA:46,25
DA:52,25
DA:63,0
DA:64,0
LF:14
LH:12
BRDA:39,0,0,104
BRDA:39,0,1,64
BRDA:53,1,0,25
BRDA:53,1,1,1
BRDA:54,2,0,25
BRDA:54,2,1,1
BRDA:55,3,0,25
BRDA:55,3,1,1
BRDA:56,4,0,25
BRDA:56,4,1,1
BRDA:67,5,0,0
BRDA:67,5,1,0
BRDA:68,6,0,0
BRDA:68,6,1,0
BRF:14
BRH:10
end_of_record
TN:
SF:src/features/dev/DevStatusPanel.tsx
FN:10,DevStatusPanel
FN:15,(anonymous_1)
FN:16,checkStatus
FNF:3
FNH:3
FNDA:10,DevStatusPanel
FNDA:6,(anonymous_1)
FNDA:6,checkStatus
DA:11,10
DA:12,10
DA:13,10
DA:15,10
DA:17,6
DA:18,6
DA:19,3
DA:20,6
DA:22,1
DA:23,1
DA:26,4
DA:27,4
DA:28,3
DA:30,1
DA:34,6
DA:37,10
LF:16
LH:16
BRDA:19,0,0,2
BRDA:19,0,1,1
BRDA:20,1,0,2
BRDA:20,1,1,1
BRDA:28,2,0,3
BRDA:28,2,1,0
BRDA:46,3,0,2
BRDA:46,3,1,8
BRDA:51,4,0,2
BRDA:51,4,1,8
BRDA:56,5,0,1
BRDA:56,5,1,9
BRF:12
BRH:11
end_of_record
TN:
SF:src/features/theme/themeStore.ts
FN:11,getSystemTheme
FN:16,resolveTheme
FN:21,persistMode
FN:27,loadMode
FN:37,(anonymous_4)
FN:40,(anonymous_5)
FN:48,(anonymous_6)
FNF:7
FNH:6
FNDA:11,getSystemTheme
FNDA:23,resolveTheme
FNDA:18,persistMode
FNDA:5,loadMode
FNDA:5,(anonymous_4)
FNDA:18,(anonymous_5)
FNDA:0,(anonymous_6)
DA:12,11
DA:13,2
DA:17,23
DA:18,12
DA:22,18
DA:23,18
DA:28,5
DA:29,5
DA:30,5
DA:32,5
DA:35,5
DA:37,5
DA:41,18
DA:42,18
DA:47,5
DA:48,0
DA:49,0
DA:50,0
DA:51,0
LF:19
LH:15
BRDA:12,0,0,9
BRDA:12,0,1,2
BRDA:12,1,0,11
BRDA:12,1,1,11
BRDA:13,2,0,1
BRDA:13,2,1,1
BRDA:17,3,0,11
BRDA:17,3,1,12
BRDA:30,4,0,0
BRDA:30,4,1,5
BRDA:30,5,0,5
BRDA:30,5,1,0
BRDA:30,5,2,0
BRDA:47,6,0,0
BRDA:47,6,1,5
BRDA:47,7,0,5
BRDA:47,7,1,5
BRDA:50,8,0,0
BRDA:50,8,1,0
BRF:19
BRH:13
end_of_record
TN:
SF:src/features/theme/useApplyTheme.ts
FN:4,useApplyTheme
FN:5,(anonymous_1)
FN:7,(anonymous_2)
FNF:3
FNH:3
FNDA:31,useApplyTheme
FNDA:93,(anonymous_1)
FNDA:13,(anonymous_2)
DA:5,93
DA:7,31
DA:8,13
DA:9,1
DA:11,12
LF:5
LH:5
BRDA:8,0,0,1
BRDA:8,0,1,12
BRF:2
BRH:2
end_of_record
TN:
SF:src/features/tickets/AuditLogPage.tsx
FN:16,formatResponseBody
FN:34,parseHeaders
FN:46,renderStatusBadge
FN:98,methodColor
FN:108,AuditLogPage
FN:118,(anonymous_5)
FN:120,(anonymous_6)
FN:128,(anonymous_7)
FN:134,loadMore
FN:141,(anonymous_9)
FN:142,(anonymous_10)
FN:188,(anonymous_11)
FN:246,(anonymous_12)
FN:251,(anonymous_13)
FN:252,(anonymous_14)
FN:307,(anonymous_15)
FN:317,(anonymous_16)
FNF:17
FNH:12
FNDA:4,formatResponseBody
FNDA:6,parseHeaders
FNDA:28,renderStatusBadge
FNDA:28,methodColor
FNDA:25,AuditLogPage
FNDA:10,(anonymous_5)
FNDA:10,(anonymous_6)
FNDA:0,(anonymous_7)
FNDA:0,loadMore
FNDA:0,(anonymous_9)
FNDA:0,(anonymous_10)
FNDA:50,(anonymous_11)
FNDA:28,(anonymous_12)
FNDA:7,(anonymous_13)
FNDA:0,(anonymous_14)
FNDA:6,(anonymous_15)
FNDA:10,(anonymous_16)
DA:17,4
DA:19,4
DA:20,4
DA:21,4
DA:25,0
DA:35,6
DA:36,6
DA:37,6
DA:38,6
DA:40,0
DA:42,0
DA:47,28
DA:48,0
DA:57,28
DA:58,14
DA:67,14
DA:68,0
DA:77,14
DA:78,14
DA:88,0
DA:99,28
DA:100,14
DA:101,0
DA:102,0
DA:103,0
DA:106,3
DA:109,25
DA:110,25
DA:111,25
DA:112,25
DA:113,25
DA:114,25
DA:115,25
DA:116,25
DA:118,25
DA:119,10
DA:121,10
DA:122,10
DA:123,10
DA:124,10
DA:126,10
DA:129,0
DA:130,0
DA:135,0
DA:136,0
DA:137,0
DA:141,0
DA:142,0
DA:143,0
DA:144,0
DA:147,0
DA:151,25
DA:190,50
DA:247,28
DA:251,7
DA:253,0
DA:254,0
DA:255,0
DA:308,6
DA:309,6
DA:310,6
DA:311,6
DA:318,10
DA:337,0
LF:64
LH:41
BRDA:17,0,0,0
BRDA:17,0,1,4
BRDA:37,1,0,6
BRDA:37,1,1,0
BRDA:37,2,0,6
BRDA:37,2,1,6
BRDA:37,2,2,6
BRDA:47,3,0,0
BRDA:47,3,1,28
BRDA:57,4,0,14
BRDA:57,4,1,14
BRDA:57,5,0,28
BRDA:57,5,1,28
BRDA:67,6,0,0
BRDA:67,6,1,14
BRDA:67,7,0,14
BRDA:67,7,1,14
BRDA:77,8,0,14
BRDA:77,8,1,0
BRDA:77,9,0,14
BRDA:77,9,1,14
BRDA:99,10,0,14
BRDA:99,10,1,14
BRDA:100,11,0,14
BRDA:100,11,1,0
BRDA:101,12,0,0
BRDA:101,12,1,0
BRDA:102,13,0,0
BRDA:102,13,1,0
BRDA:123,14,0,10
BRDA:123,14,1,0
BRDA:143,15,0,0
BRDA:143,15,1,0
BRDA:168,16,0,25
BRDA:168,16,1,10
BRDA:211,17,0,25
BRDA:211,17,1,0
BRDA:218,18,0,25
BRDA:218,18,1,15
BRDA:218,18,2,15
BRDA:218,18,3,1
BRDA:226,19,0,25
BRDA:226,19,1,15
BRDA:226,19,2,15
BRDA:226,19,3,14
BRDA:251,20,0,1
BRDA:251,20,1,6
BRDA:253,21,0,0
BRDA:253,21,1,0
BRDA:253,22,0,0
BRDA:253,22,1,0
BRDA:255,23,0,0
BRDA:255,23,1,0
BRDA:283,24,0,28
BRDA:283,24,1,6
BRDA:309,25,0,6
BRDA:309,25,1,0
BRDA:311,26,0,0
BRDA:311,26,1,6
BRDA:350,27,0,4
BRDA:350,27,1,2
BRDA:370,28,0,14
BRDA:370,28,1,0
BRDA:370,28,2,0
BRDA:378,29,0,0
BRDA:378,29,1,0
BRF:66
BRH:40
end_of_record
TN:
SF:src/features/tickets/CopyPreviewModal.tsx
FN:23,SourceFieldRow
FN:44,FieldRow
FN:54,getProgressPercent
FN:69,CopyPreviewModal
FN:71,(anonymous_4)
FN:72,(anonymous_5)
FN:73,(anonymous_6)
FN:74,(anonymous_7)
FN:75,(anonymous_8)
FN:76,(anonymous_9)
FN:77,(anonymous_10)
FN:78,(anonymous_11)
FN:79,(anonymous_12)
FN:80,(anonymous_13)
FN:81,(anonymous_14)
FN:82,(anonymous_15)
FN:83,(anonymous_16)
FN:84,(anonymous_17)
FN:85,(anonymous_18)
FN:86,(anonymous_19)
FN:87,(anonymous_20)
FN:88,(anonymous_21)
FN:89,(anonymous_22)
FN:91,(anonymous_23)
FN:92,(anonymous_24)
FN:96,(anonymous_25)
FN:100,(anonymous_26)
FN:103,(anonymous_27)
FN:107,(anonymous_28)
FN:120,(anonymous_29)
FN:186,(anonymous_30)
FN:193,(anonymous_31)
FN:237,(anonymous_32)
FN:241,(anonymous_33)
FN:261,(anonymous_34)
FN:277,(anonymous_35)
FN:280,(anonymous_36)
FN:299,(anonymous_37)
FN:302,(anonymous_38)
FN:316,(anonymous_39)
FN:321,(anonymous_40)
FN:340,(anonymous_41)
FNF:42
FNH:33
FNDA:84,SourceFieldRow
FNDA:16,FieldRow
FNDA:17,getProgressPercent
FNDA:17,CopyPreviewModal
FNDA:17,(anonymous_4)
FNDA:17,(anonymous_5)
FNDA:17,(anonymous_6)
FNDA:17,(anonymous_7)
FNDA:17,(anonymous_8)
FNDA:17,(anonymous_9)
FNDA:17,(anonymous_10)
FNDA:17,(anonymous_11)
FNDA:17,(anonymous_12)
FNDA:17,(anonymous_13)
FNDA:17,(anonymous_14)
FNDA:17,(anonymous_15)
FNDA:17,(anonymous_16)
FNDA:17,(anonymous_17)
FNDA:17,(anonymous_18)
FNDA:17,(anonymous_19)
FNDA:17,(anonymous_20)
FNDA:17,(anonymous_21)
FNDA:17,(anonymous_22)
FNDA:17,(anonymous_23)
FNDA:17,(anonymous_24)
FNDA:17,(anonymous_25)
FNDA:0,(anonymous_26)
FNDA:1,(anonymous_27)
FNDA:1,(anonymous_28)
FNDA:0,(anonymous_29)
FNDA:2,(anonymous_30)
FNDA:1,(anonymous_31)
FNDA:0,(anonymous_32)
FNDA:0,(anonymous_33)
FNDA:0,(anonymous_34)
FNDA:0,(anonymous_35)
FNDA:51,(anonymous_36)
FNDA:0,(anonymous_37)
FNDA:51,(anonymous_38)
FNDA:32,(anonymous_39)
FNDA:0,(anonymous_40)
FNDA:0,(anonymous_41)
DA:32,84
DA:45,16
DA:55,17
DA:56,0
DA:57,0
DA:58,0
DA:59,0
DA:60,0
DA:65,0
DA:66,0
DA:70,17
DA:71,17
DA:72,17
DA:73,17
DA:74,17
DA:75,17
DA:76,17
DA:77,17
DA:78,17
DA:79,17
DA:80,17
DA:81,17
DA:82,17
DA:83,17
DA:84,17
DA:85,17
DA:86,17
DA:87,17
DA:88,17
DA:89,17
DA:91,17
DA:92,17
DA:94,17
DA:96,17
DA:97,17
DA:98,16
DA:100,0
DA:103,17
DA:104,1
DA:107,17
DA:108,1
DA:111,17
DA:113,17
DA:115,17
DA:117,17
DA:121,0
DA:186,2
DA:194,1
DA:195,1
DA:197,0
DA:198,0
DA:200,0
DA:237,0
DA:242,0
DA:261,0
DA:277,0
DA:281,51
DA:299,0
DA:303,51
DA:317,32
DA:321,0
DA:340,0
LF:62
LH:43
BRDA:35,0,0,48
BRDA:35,0,1,36
BRDA:55,1,0,17
BRDA:55,1,1,0
BRDA:56,2,0,0
BRDA:56,2,1,0
BRDA:56,3,0,0
BRDA:56,3,1,0
BRDA:57,4,0,0
BRDA:57,4,1,0
BRDA:58,5,0,0
BRDA:58,5,1,0
BRDA:58,6,0,0
BRDA:58,6,1,0
BRDA:59,7,0,0
BRDA:59,7,1,0
BRDA:59,8,0,0
BRDA:59,8,1,0
BRDA:60,9,0,0
BRDA:60,9,1,0
BRDA:61,10,0,0
BRDA:61,10,1,0
BRDA:61,10,2,0
BRDA:91,11,0,17
BRDA:91,11,1,0
BRDA:92,12,0,17
BRDA:92,12,1,0
BRDA:97,13,0,1
BRDA:97,13,1,16
BRDA:111,14,0,17
BRDA:111,14,1,17
BRDA:111,14,2,1
BRDA:113,15,0,17
BRDA:113,15,1,17
BRDA:121,16,0,0
BRDA:121,16,1,0
BRDA:121,17,0,0
BRDA:121,17,1,0
BRDA:130,18,0,17
BRDA:130,18,1,0
BRDA:142,19,0,17
BRDA:142,19,1,17
BRDA:142,19,2,17
BRDA:144,20,0,0
BRDA:144,20,1,17
BRDA:160,21,0,17
BRDA:160,21,1,0
BRDA:166,22,0,17
BRDA:166,22,1,0
BRDA:171,23,0,17
BRDA:171,23,1,1
BRDA:177,24,0,17
BRDA:177,24,1,1
BRDA:183,25,0,17
BRDA:183,25,1,1
BRDA:189,26,0,17
BRDA:189,26,1,1
BRDA:194,27,0,1
BRDA:194,27,1,0
BRDA:197,28,0,0
BRDA:197,28,1,0
BRDA:212,29,0,17
BRDA:212,29,1,17
BRDA:240,30,0,17
BRDA:240,30,1,17
BRDA:313,31,0,1
BRDA:313,31,1,16
BRDA:356,32,0,0
BRDA:356,32,1,17
BRF:69
BRH:35
end_of_record
TN:
SF:src/features/tickets/CopyPreviewPage.tsx
FN:13,SourceFieldRow
FN:35,getProgressPercent
FN:50,CopyPreviewPage
FN:52,(anonymous_3)
FN:53,(anonymous_4)
FN:54,(anonymous_5)
FN:55,(anonymous_6)
FN:56,(anonymous_7)
FN:57,(anonymous_8)
FN:58,(anonymous_9)
FN:59,(anonymous_10)
FN:60,(anonymous_11)
FN:61,(anonymous_12)
FN:62,(anonymous_13)
FN:63,(anonymous_14)
FN:64,(anonymous_15)
FN:65,(anonymous_16)
FN:66,(anonymous_17)
FN:67,(anonymous_18)
FN:68,(anonymous_19)
FN:70,(anonymous_20)
FN:71,(anonymous_21)
FN:72,(anonymous_22)
FN:79,(anonymous_23)
FN:83,(anonymous_24)
FN:188,(anonymous_25)
FN:195,(anonymous_26)
FN:239,(anonymous_27)
FN:258,(anonymous_28)
FN:261,(anonymous_29)
FN:277,(anonymous_30)
FN:280,(anonymous_31)
FN:294,(anonymous_32)
FN:299,(anonymous_33)
FN:318,(anonymous_34)
FNF:35
FNH:35
FNDA:225,SourceFieldRow
FNDA:47,getProgressPercent
FNDA:47,CopyPreviewPage
FNDA:141,(anonymous_3)
FNDA:141,(anonymous_4)
FNDA:141,(anonymous_5)
FNDA:141,(anonymous_6)
FNDA:141,(anonymous_7)
FNDA:141,(anonymous_8)
FNDA:141,(anonymous_9)
FNDA:141,(anonymous_10)
FNDA:141,(anonymous_11)
FNDA:141,(anonymous_12)
FNDA:141,(anonymous_13)
FNDA:141,(anonymous_14)
FNDA:141,(anonymous_15)
FNDA:141,(anonymous_16)
FNDA:141,(anonymous_17)
FNDA:141,(anonymous_18)
FNDA:141,(anonymous_19)
FNDA:141,(anonymous_20)
FNDA:141,(anonymous_21)
FNDA:141,(anonymous_22)
FNDA:1,(anonymous_23)
FNDA:1,(anonymous_24)
FNDA:1,(anonymous_25)
FNDA:2,(anonymous_26)
FNDA:1,(anonymous_27)
FNDA:1,(anonymous_28)
FNDA:130,(anonymous_29)
FNDA:1,(anonymous_30)
FNDA:130,(anonymous_31)
FNDA:84,(anonymous_32)
FNDA:1,(anonymous_33)
FNDA:1,(anonymous_34)
DA:22,225
DA:36,47
DA:37,16
DA:38,9
DA:39,8
DA:40,6
DA:41,4
DA:46,3
DA:47,1
DA:51,47
DA:52,141
DA:53,141
DA:54,141
DA:55,141
DA:56,141
DA:57,141
DA:58,141
DA:59,141
DA:60,141
DA:61,141
DA:62,141
DA:63,141
DA:64,141
DA:65,141
DA:66,141
DA:67,141
DA:68,141
DA:70,141
DA:71,141
DA:72,141
DA:74,47
DA:75,47
DA:76,47
DA:77,47
DA:79,47
DA:80,1
DA:83,47
DA:84,1
DA:87,47
DA:188,1
DA:196,2
DA:197,1
DA:199,1
DA:200,1
DA:202,0
DA:239,1
DA:258,1
DA:262,130
DA:277,1
DA:281,130
DA:295,84
DA:299,1
DA:318,1
LF:53
LH:52
BRDA:25,0,0,132
BRDA:25,0,1,93
BRDA:36,1,0,31
BRDA:36,1,1,16
BRDA:37,2,0,7
BRDA:37,2,1,9
BRDA:37,3,0,16
BRDA:37,3,1,10
BRDA:38,4,0,1
BRDA:38,4,1,8
BRDA:39,5,0,2
BRDA:39,5,1,6
BRDA:39,6,0,8
BRDA:39,6,1,7
BRDA:40,7,0,2
BRDA:40,7,1,4
BRDA:40,8,0,6
BRDA:40,8,1,5
BRDA:41,9,0,3
BRDA:41,9,1,1
BRDA:42,10,0,4
BRDA:42,10,1,3
BRDA:42,10,2,2
BRDA:70,11,0,141
BRDA:70,11,1,0
BRDA:71,12,0,141
BRDA:71,12,1,0
BRDA:76,13,0,47
BRDA:76,13,1,4
BRDA:96,14,0,47
BRDA:96,14,1,44
BRDA:107,15,0,47
BRDA:107,15,1,30
BRDA:111,16,0,17
BRDA:111,16,1,30
BRDA:118,17,0,30
BRDA:118,17,1,1
BRDA:125,18,0,47
BRDA:125,18,1,17
BRDA:135,19,0,47
BRDA:135,19,1,3
BRDA:142,20,0,47
BRDA:142,20,1,44
BRDA:142,20,2,44
BRDA:142,20,3,44
BRDA:144,21,0,17
BRDA:144,21,1,27
BRDA:162,22,0,44
BRDA:162,22,1,2
BRDA:168,23,0,41
BRDA:168,23,1,3
BRDA:173,24,0,44
BRDA:173,24,1,1
BRDA:179,25,0,44
BRDA:179,25,1,1
BRDA:185,26,0,44
BRDA:185,26,1,1
BRDA:191,27,0,44
BRDA:191,27,1,2
BRDA:196,28,0,1
BRDA:196,28,1,1
BRDA:199,29,0,1
BRDA:199,29,1,0
BRDA:214,30,0,44
BRDA:214,30,1,1
BRDA:291,31,0,2
BRDA:291,31,1,42
BRF:67
BRH:64
end_of_record
TN:
SF:src/features/tickets/CopyResultModal.tsx
FN:18,CopyResultModal
FN:21,(anonymous_1)
FN:23,(anonymous_2)
FN:24,(anonymous_3)
FN:26,stepLabel
FN:68,(anonymous_5)
FN:74,(anonymous_6)
FN:77,(anonymous_7)
FN:80,(anonymous_8)
FN:81,(anonymous_9)
FN:89,(anonymous_10)
FN:104,(anonymous_11)
FNF:12
FNH:10
FNDA:13,CopyResultModal
FNDA:39,(anonymous_1)
FNDA:43,(anonymous_2)
FNDA:13,(anonymous_3)
FNDA:43,stepLabel
FNDA:1,(anonymous_5)
FNDA:1,(anonymous_6)
FNDA:1,(anonymous_7)
FNDA:0,(anonymous_8)
FNDA:1,(anonymous_9)
FNDA:0,(anonymous_10)
FNDA:43,(anonymous_11)
DA:19,13
DA:20,13
DA:21,39
DA:23,43
DA:24,13
DA:27,43
DA:28,13
DA:30,30
DA:31,11
DA:33,19
DA:34,0
DA:38,19
DA:39,11
DA:41,8
DA:42,3
DA:43,3
DA:47,5
DA:48,2
DA:49,2
DA:53,3
DA:54,1
DA:55,1
DA:59,2
DA:60,2
DA:61,2
DA:65,0
DA:68,13
DA:69,1
DA:70,1
DA:74,13
DA:76,1
DA:78,1
DA:82,1
DA:86,13
DA:90,0
DA:106,43
LF:36
LH:33
BRDA:23,0,0,13
BRDA:23,0,1,0
BRDA:24,1,0,13
BRDA:24,1,1,0
BRDA:24,2,0,13
BRDA:24,2,1,13
BRDA:27,3,0,13
BRDA:27,3,1,30
BRDA:28,4,0,13
BRDA:28,4,1,0
BRDA:30,5,0,11
BRDA:30,5,1,19
BRDA:31,6,0,10
BRDA:31,6,1,1
BRDA:33,7,0,0
BRDA:33,7,1,19
BRDA:34,8,0,0
BRDA:34,8,1,0
BRDA:35,9,0,0
BRDA:35,9,1,0
BRDA:38,10,0,11
BRDA:38,10,1,8
BRDA:39,11,0,10
BRDA:39,11,1,1
BRDA:41,12,0,3
BRDA:41,12,1,5
BRDA:43,13,0,1
BRDA:43,13,1,2
BRDA:45,14,0,2
BRDA:45,14,1,0
BRDA:47,15,0,2
BRDA:47,15,1,3
BRDA:49,16,0,2
BRDA:49,16,1,0
BRDA:51,17,0,0
BRDA:51,17,1,0
BRDA:53,18,0,1
BRDA:53,18,1,2
BRDA:55,19,0,1
BRDA:55,19,1,0
BRDA:57,20,0,0
BRDA:57,20,1,0
BRDA:59,21,0,2
BRDA:59,21,1,0
BRDA:61,22,0,1
BRDA:61,22,1,1
BRDA:62,23,0,1
BRDA:62,23,1,0
BRDA:63,24,0,1
BRDA:63,24,1,0
BRDA:69,25,0,1
BRDA:69,25,1,0
BRDA:90,26,0,0
BRDA:90,26,1,0
BRDA:96,27,0,8
BRDA:96,27,1,5
BRDA:100,28,0,13
BRDA:100,28,1,13
BRDA:107,29,0,38
BRDA:107,29,1,5
BRDA:114,30,0,43
BRDA:114,30,1,19
BRDA:114,30,2,5
BRDA:124,31,0,13
BRDA:124,31,1,13
BRDA:131,32,0,13
BRDA:131,32,1,13
BRDA:131,32,2,13
BRDA:134,33,0,13
BRDA:134,33,1,13
BRF:70
BRH:49
end_of_record
TN:
SF:src/features/tickets/CopyResultPage.tsx
FN:10,CopyResultPage
FN:13,(anonymous_1)
FN:15,(anonymous_2)
FN:16,(anonymous_3)
FN:18,stepLabel
FN:60,(anonymous_5)
FN:66,(anonymous_6)
FN:68,(anonymous_7)
FN:71,(anonymous_8)
FN:72,(anonymous_9)
FN:110,(anonymous_10)
FNF:11
FNH:11
FNDA:26,CopyResultPage
FNDA:78,(anonymous_1)
FNDA:42,(anonymous_2)
FNDA:26,(anonymous_3)
FNDA:42,stepLabel
FNDA:1,(anonymous_5)
FNDA:2,(anonymous_6)
FNDA:1,(anonymous_7)
FNDA:1,(anonymous_8)
FNDA:2,(anonymous_9)
FNDA:42,(anonymous_10)
DA:11,26
DA:12,26
DA:13,78
DA:15,42
DA:16,26
DA:19,42
DA:20,26
DA:22,16
DA:23,9
DA:25,7
DA:26,1
DA:30,6
DA:31,1
DA:33,5
DA:34,1
DA:35,1
DA:39,4
DA:40,1
DA:41,1
DA:45,3
DA:46,1
DA:47,1
DA:51,2
DA:52,1
DA:53,1
DA:57,1
DA:60,26
DA:61,1
DA:62,1
DA:66,26
DA:67,2
DA:69,1
DA:73,2
DA:77,26
DA:111,42
LF:35
LH:35
BRDA:15,0,0,26
BRDA:15,0,1,0
BRDA:16,1,0,26
BRDA:16,1,1,0
BRDA:16,2,0,26
BRDA:16,2,1,26
BRDA:19,3,0,26
BRDA:19,3,1,16
BRDA:20,4,0,24
BRDA:20,4,1,2
BRDA:22,5,0,9
BRDA:22,5,1,7
BRDA:23,6,0,6
BRDA:23,6,1,3
BRDA:25,7,0,1
BRDA:25,7,1,6
BRDA:26,8,0,1
BRDA:26,8,1,0
BRDA:27,9,0,1
BRDA:27,9,1,0
BRDA:30,10,0,1
BRDA:30,10,1,5
BRDA:31,11,0,1
BRDA:31,11,1,0
BRDA:33,12,0,1
BRDA:33,12,1,4
BRDA:35,13,0,1
BRDA:35,13,1,0
BRDA:37,14,0,0
BRDA:37,14,1,0
BRDA:39,15,0,1
BRDA:39,15,1,3
BRDA:41,16,0,1
BRDA:41,16,1,0
BRDA:43,17,0,0
BRDA:43,17,1,0
BRDA:45,18,0,1
BRDA:45,18,1,2
BRDA:47,19,0,1
BRDA:47,19,1,0
BRDA:49,20,0,0
BRDA:49,20,1,0
BRDA:51,21,0,1
BRDA:51,21,1,1
BRDA:53,22,0,1
BRDA:53,22,1,0
BRDA:54,23,0,1
BRDA:54,23,1,0
BRDA:55,24,0,0
BRDA:55,24,1,0
BRDA:61,25,0,1
BRDA:61,25,1,0
BRDA:82,26,0,21
BRDA:82,26,1,5
BRDA:85,27,0,26
BRDA:85,27,1,24
BRDA:85,27,2,23
BRDA:89,28,0,23
BRDA:89,28,1,1
BRDA:100,29,0,26
BRDA:100,29,1,26
BRDA:102,30,0,26
BRDA:102,30,1,23
BRDA:115,31,0,37
BRDA:115,31,1,5
BRDA:122,32,0,42
BRDA:122,32,1,8
BRDA:122,32,2,5
BRF:68
BRH:49
end_of_record
TN:
SF:src/features/tickets/DescriptionRenderer.tsx
FN:10,DescriptionRenderer
FN:17,(anonymous_1)
FN:23,(anonymous_2)
FN:43,(anonymous_3)
FNF:4
FNH:3
FNDA:97,DescriptionRenderer
FNDA:97,(anonymous_1)
FNDA:0,(anonymous_2)
FNDA:51,(anonymous_3)
DA:15,97
DA:17,97
DA:18,97
DA:20,51
DA:21,51
DA:23,51
DA:24,0
DA:25,0
DA:27,0
DA:28,0
DA:32,0
DA:33,0
DA:36,0
DA:37,0
DA:38,0
DA:43,51
DA:44,51
DA:49,97
DA:50,51
DA:60,46
DA:61,42
DA:67,4
DA:68,1
DA:76,3
LF:24
LH:15
BRDA:18,0,0,46
BRDA:18,0,1,51
BRDA:18,1,0,97
BRDA:18,1,1,51
BRDA:25,2,0,0
BRDA:25,2,1,0
BRDA:32,3,0,0
BRDA:32,3,1,0
BRDA:36,4,0,0
BRDA:36,4,1,0
BRDA:49,5,0,51
BRDA:49,5,1,46
BRDA:49,6,0,97
BRDA:49,6,1,51
BRDA:60,7,0,42
BRDA:60,7,1,4
BRDA:60,8,0,46
BRDA:60,8,1,44
BRDA:67,9,0,1
BRDA:67,9,1,3
BRDA:67,10,0,4
BRDA:67,10,1,3
BRF:22
BRH:16
end_of_record
TN:
SF:src/features/tickets/IgnoredTicketsPage.tsx
FN:11,handleRestore
FN:12,(anonymous_1)
FN:19,IgnoredTicketsPage
FN:25,(anonymous_3)
FN:26,(anonymous_4)
FN:28,(anonymous_5)
FN:29,(anonymous_6)
FN:33,(anonymous_7)
FN:37,(anonymous_8)
FN:41,(anonymous_9)
FN:46,(anonymous_10)
FN:52,handleSelectTicket
FN:65,(anonymous_12)
FN:65,(anonymous_13)
FN:84,(anonymous_14)
FN:96,(anonymous_15)
FN:101,(anonymous_16)
FN:105,(anonymous_17)
FNF:18
FNH:10
FNDA:2,handleRestore
FNDA:0,(anonymous_1)
FNDA:8,IgnoredTicketsPage
FNDA:26,(anonymous_3)
FNDA:26,(anonymous_4)
FNDA:8,(anonymous_5)
FNDA:22,(anonymous_6)
FNDA:8,(anonymous_7)
FNDA:0,(anonymous_8)
FNDA:0,(anonymous_9)
FNDA:5,(anonymous_10)
FNDA:0,handleSelectTicket
FNDA:0,(anonymous_12)
FNDA:0,(anonymous_13)
FNDA:0,(anonymous_14)
FNDA:12,(anonymous_15)
FNDA:0,(anonymous_16)
FNDA:2,(anonymous_17)
DA:12,2
DA:13,2
DA:20,8
DA:21,8
DA:22,8
DA:23,8
DA:24,8
DA:25,26
DA:26,26
DA:28,8
DA:29,22
DA:33,8
DA:34,8
DA:35,8
DA:36,0
DA:37,0
DA:39,8
DA:40,0
DA:41,0
DA:42,0
DA:46,8
DA:47,5
DA:48,5
DA:53,0
DA:56,8
DA:65,0
DA:84,0
DA:97,12
DA:101,0
DA:106,2
DA:107,2
LF:31
LH:22
BRDA:29,0,0,22
BRDA:29,0,1,12
BRDA:35,1,0,0
BRDA:35,1,1,8
BRDA:39,2,0,0
BRDA:39,2,1,8
BRDA:43,3,0,0
BRDA:43,3,1,0
BRDA:48,4,0,5
BRDA:48,4,1,0
BRDA:65,5,0,0
BRDA:65,5,1,0
BRDA:70,6,0,8
BRDA:70,6,1,1
BRDA:78,7,0,8
BRDA:78,7,1,7
BRDA:78,7,2,7
BRDA:94,8,0,8
BRDA:94,8,1,7
BRF:19
BRH:12
end_of_record
TN:
SF:src/features/tickets/LinkedTicketsPage.tsx
FN:10,LinkedTicketsPage
FN:15,(anonymous_1)
FN:16,(anonymous_2)
FN:18,(anonymous_3)
FN:19,(anonymous_4)
FN:23,(anonymous_5)
FN:27,(anonymous_6)
FN:31,(anonymous_7)
FN:36,(anonymous_8)
FN:42,handleSelectTicket
FN:55,(anonymous_10)
FN:55,(anonymous_11)
FN:70,(anonymous_12)
FN:75,(anonymous_13)
FNF:14
FNH:8
FNDA:4,LinkedTicketsPage
FNDA:12,(anonymous_1)
FNDA:12,(anonymous_2)
FNDA:4,(anonymous_3)
FNDA:5,(anonymous_4)
FNDA:4,(anonymous_5)
FNDA:0,(anonymous_6)
FNDA:0,(anonymous_7)
FNDA:1,(anonymous_8)
FNDA:0,handleSelectTicket
FNDA:0,(anonymous_10)
FNDA:0,(anonymous_11)
FNDA:4,(anonymous_12)
FNDA:0,(anonymous_13)
DA:11,4
DA:12,4
DA:13,4
DA:14,4
DA:15,12
DA:16,12
DA:18,4
DA:19,5
DA:23,4
DA:24,4
DA:25,4
DA:26,0
DA:27,0
DA:29,4
DA:30,0
DA:31,0
DA:32,0
DA:36,4
DA:37,1
DA:38,1
DA:43,0
DA:46,4
DA:55,0
DA:71,4
DA:75,0
LF:25
LH:17
BRDA:19,0,0,5
BRDA:19,0,1,4
BRDA:25,1,0,0
BRDA:25,1,1,4
BRDA:29,2,0,0
BRDA:29,2,1,4
BRDA:33,3,0,0
BRDA:33,3,1,0
BRDA:38,4,0,1
BRDA:38,4,1,0
BRDA:55,5,0,0
BRDA:55,5,1,0
BRDA:60,6,0,4
BRDA:60,6,1,1
BRDA:68,7,0,4
BRDA:68,7,1,3
BRDA:77,8,0,4
BRDA:77,8,1,0
BRF:18
BRH:10
end_of_record
TN:
SF:src/features/tickets/PriorityIcon.tsx
FN:9,PriorityIcon
FNF:1
FNH:1
FNDA:147,PriorityIcon
DA:10,147
DA:11,147
DA:13,147
DA:14,147
DA:16,147
DA:17,0
DA:18,0
DA:19,147
DA:20,101
DA:21,101
DA:22,46
DA:23,46
DA:24,46
DA:25,0
DA:26,0
DA:27,0
DA:28,0
DA:29,0
DA:30,0
DA:33,147
LF:20
LH:12
BRDA:9,0,0,147
BRDA:9,1,0,147
BRDA:11,2,0,0
BRDA:11,2,1,147
BRDA:16,3,0,0
BRDA:16,3,1,147
BRDA:16,4,0,147
BRDA:16,4,1,147
BRDA:19,5,0,101
BRDA:19,5,1,46
BRDA:22,6,0,46
BRDA:22,6,1,0
BRDA:25,7,0,0
BRDA:25,7,1,0
BRDA:28,8,0,0
BRDA:28,8,1,0
BRDA:36,9,0,147
BRDA:36,9,1,147
BRF:18
BRH:11
end_of_record
TN:
SF:src/features/tickets/StatusBadge.tsx
FN:5,StatusBadge
FNF:1
FNH:1
FNDA:155,StatusBadge
DA:6,155
DA:8,155
DA:9,155
DA:10,87
DA:12,155
DA:13,0
DA:15,155
DA:16,0
DA:19,155
LF:9
LH:7
BRDA:9,0,0,87
BRDA:9,0,1,68
BRDA:9,1,0,155
BRDA:9,1,1,68
BRDA:12,2,0,0
BRDA:12,2,1,155
BRDA:12,3,0,155
BRDA:12,3,1,155
BRDA:12,3,2,155
BRDA:15,4,0,0
BRDA:15,4,1,155
BRF:11
BRH:9
end_of_record
TN:
SF:src/features/tickets/TicketCard.tsx
FN:21,TicketCard
FN:71,SkeletonCards
FN:74,(anonymous_2)
FNF:3
FNH:3
FNDA:58,TicketCard
FNDA:13,SkeletonCards
FNDA:39,(anonymous_2)
DA:22,58
DA:23,58
DA:72,13
DA:76,39
LF:4
LH:4
BRDA:37,0,0,58
BRDA:37,0,1,58
BRDA:59,1,0,58
BRDA:59,1,1,54
BRDA:71,2,0,13
BRF:5
BRH:5
end_of_record
TN:
SF:src/features/tickets/TicketDetailPage.tsx
FN:26,TicketDetailPage
FN:32,(anonymous_1)
FN:33,(anonymous_2)
FN:34,(anonymous_3)
FN:35,(anonymous_4)
FN:36,(anonymous_5)
FN:37,(anonymous_6)
FN:38,(anonymous_7)
FN:42,(anonymous_8)
FN:48,(anonymous_9)
FN:49,(anonymous_10)
FN:56,(anonymous_11)
FN:57,(anonymous_12)
FN:64,(anonymous_13)
FN:68,(anonymous_14)
FN:75,(anonymous_15)
FN:81,fetchDetail
FN:99,(anonymous_17)
FN:105,(anonymous_18)
FN:114,(anonymous_19)
FN:116,(anonymous_20)
FN:284,(anonymous_21)
FN:292,(anonymous_22)
FNF:23
FNH:15
FNDA:25,TicketDetailPage
FNDA:75,(anonymous_1)
FNDA:75,(anonymous_2)
FNDA:75,(anonymous_3)
FNDA:75,(anonymous_4)
FNDA:75,(anonymous_5)
FNDA:75,(anonymous_6)
FNDA:75,(anonymous_7)
FNDA:0,(anonymous_8)
FNDA:0,(anonymous_9)
FNDA:0,(anonymous_10)
FNDA:0,(anonymous_11)
FNDA:0,(anonymous_12)
FNDA:0,(anonymous_13)
FNDA:0,(anonymous_14)
FNDA:14,(anonymous_15)
FNDA:14,fetchDetail
FNDA:14,(anonymous_17)
FNDA:1,(anonymous_18)
FNDA:14,(anonymous_19)
FNDA:14,(anonymous_20)
FNDA:50,(anonymous_21)
FNDA:0,(anonymous_22)
DA:27,25
DA:28,25
DA:29,25
DA:30,25
DA:32,75
DA:33,75
DA:34,75
DA:35,75
DA:36,75
DA:37,75
DA:38,75
DA:39,25
DA:40,25
DA:42,25
DA:43,0
DA:44,0
DA:48,25
DA:49,0
DA:50,0
DA:56,25
DA:57,0
DA:58,0
DA:64,25
DA:65,0
DA:68,25
DA:69,0
DA:70,0
DA:75,25
DA:76,14
DA:77,14
DA:78,14
DA:79,14
DA:82,14
DA:83,14
DA:87,10
DA:88,10
DA:89,10
DA:92,1
DA:93,1
DA:98,14
DA:99,14
DA:100,14
DA:105,25
DA:107,1
DA:108,1
DA:114,25
DA:115,14
DA:116,14
DA:119,25
DA:135,25
DA:136,14
DA:157,11
DA:158,1
DA:177,10
DA:285,50
DA:292,0
LF:56
LH:46
BRDA:34,0,0,75
BRDA:34,0,1,0
BRDA:35,1,0,75
BRDA:35,1,1,0
BRDA:43,2,0,0
BRDA:43,2,1,0
BRDA:69,3,0,0
BRDA:69,3,1,0
BRDA:69,4,0,0
BRDA:69,4,1,0
BRDA:87,5,0,10
BRDA:87,5,1,0
BRDA:92,6,0,1
BRDA:92,6,1,0
BRDA:107,7,0,1
BRDA:107,7,1,0
BRDA:119,8,0,10
BRDA:119,8,1,15
BRDA:135,9,0,14
BRDA:135,9,1,11
BRDA:157,10,0,1
BRDA:157,10,1,10
BRDA:190,11,0,10
BRDA:190,11,1,0
BRDA:190,11,2,0
BRDA:203,12,0,25
BRDA:203,12,1,0
BRDA:215,13,0,25
BRDA:215,13,1,10
BRDA:215,13,2,9
BRDA:222,14,0,0
BRDA:222,14,1,9
BRDA:226,15,0,9
BRDA:226,15,1,9
BRDA:230,16,0,0
BRDA:230,16,1,10
BRDA:230,17,0,25
BRDA:230,17,1,0
BRDA:239,18,0,0
BRDA:239,18,1,0
BRDA:248,19,0,1
BRDA:248,19,1,9
BRDA:280,20,0,25
BRDA:280,20,1,0
BRDA:294,21,0,10
BRDA:294,21,1,40
BRDA:306,22,0,25
BRDA:306,22,1,10
BRDA:307,23,0,25
BRDA:307,23,1,0
BRDA:308,24,0,25
BRDA:308,24,1,0
BRDA:309,25,0,25
BRDA:309,25,1,0
BRDA:312,26,0,25
BRDA:312,26,1,0
BRF:56
BRH:32
end_of_record
TN:
SF:src/features/tickets/TicketDetailPanel.tsx
FN:25,TicketDetailPanel
FN:32,(anonymous_1)
FN:33,(anonymous_2)
FN:34,(anonymous_3)
FN:35,(anonymous_4)
FN:36,(anonymous_5)
FN:37,(anonymous_6)
FN:41,(anonymous_7)
FN:47,(anonymous_8)
FN:48,(anonymous_9)
FN:55,(anonymous_10)
FN:56,(anonymous_11)
FN:63,(anonymous_12)
FN:67,(anonymous_13)
FN:74,(anonymous_14)
FN:80,fetchDetail
FN:98,(anonymous_16)
FN:104,(anonymous_17)
FN:111,(anonymous_18)
FN:120,(anonymous_19)
FN:122,(anonymous_20)
FN:307,(anonymous_21)
FN:314,(anonymous_22)
FNF:23
FNH:15
FNDA:16,TicketDetailPanel
FNDA:48,(anonymous_1)
FNDA:48,(anonymous_2)
FNDA:48,(anonymous_3)
FNDA:48,(anonymous_4)
FNDA:48,(anonymous_5)
FNDA:48,(anonymous_6)
FNDA:0,(anonymous_7)
FNDA:0,(anonymous_8)
FNDA:0,(anonymous_9)
FNDA:0,(anonymous_10)
FNDA:0,(anonymous_11)
FNDA:0,(anonymous_12)
FNDA:0,(anonymous_13)
FNDA:7,(anonymous_14)
FNDA:7,fetchDetail
FNDA:7,(anonymous_16)
FNDA:13,(anonymous_17)
FNDA:0,(anonymous_18)
FNDA:7,(anonymous_19)
FNDA:7,(anonymous_20)
FNDA:40,(anonymous_21)
FNDA:2,(anonymous_22)
DA:26,16
DA:27,16
DA:28,16
DA:29,16
DA:30,16
DA:32,48
DA:33,48
DA:34,48
DA:35,48
DA:36,48
DA:37,48
DA:38,16
DA:39,16
DA:41,16
DA:42,0
DA:43,0
DA:47,16
DA:48,0
DA:49,0
DA:55,16
DA:56,0
DA:57,0
DA:63,16
DA:64,0
DA:67,16
DA:68,0
DA:69,0
DA:74,16
DA:75,7
DA:76,7
DA:77,7
DA:78,7
DA:81,7
DA:82,7
DA:86,6
DA:87,6
DA:88,6
DA:91,1
DA:92,1
DA:97,7
DA:98,7
DA:99,7
DA:104,16
DA:105,13
DA:106,6
DA:111,16
DA:113,0
DA:114,0
DA:120,16
DA:121,7
DA:122,7
DA:125,16
DA:141,16
DA:308,40
DA:314,2
LF:55
LH:44
BRDA:34,0,0,48
BRDA:34,0,1,48
BRDA:42,1,0,0
BRDA:42,1,1,0
BRDA:68,2,0,0
BRDA:68,2,1,0
BRDA:68,3,0,0
BRDA:68,3,1,0
BRDA:86,4,0,6
BRDA:86,4,1,0
BRDA:91,5,0,1
BRDA:91,5,1,0
BRDA:105,6,0,6
BRDA:105,6,1,7
BRDA:105,7,0,13
BRDA:105,7,1,6
BRDA:113,8,0,0
BRDA:113,8,1,0
BRDA:125,9,0,8
BRDA:125,9,1,8
BRDA:145,10,0,7
BRDA:145,10,1,9
BRDA:158,11,0,8
BRDA:158,11,1,1
BRDA:197,12,0,0
BRDA:197,12,1,8
BRDA:197,13,0,8
BRDA:197,13,1,0
BRDA:213,14,0,0
BRDA:213,14,1,0
BRDA:235,15,0,0
BRDA:235,15,1,8
BRDA:235,16,0,0
BRDA:235,16,1,8
BRDA:264,17,0,0
BRDA:264,17,1,8
BRDA:264,18,0,8
BRDA:264,18,1,8
BRDA:271,19,0,0
BRDA:271,19,1,8
BRDA:290,20,0,8
BRDA:290,20,1,8
BRDA:297,21,0,8
BRDA:297,21,1,0
BRDA:305,22,0,16
BRDA:305,22,1,8
BRDA:316,23,0,8
BRDA:316,23,1,32
BRDA:328,24,0,16
BRDA:328,24,1,8
BRDA:330,25,0,8
BRDA:330,25,1,6
BRDA:331,26,0,8
BRDA:331,26,1,1
BRDA:332,27,0,8
BRDA:332,27,1,0
BRDA:333,28,0,8
BRDA:333,28,1,1
BRDA:334,29,0,8
BRDA:334,29,1,0
BRF:60
BRH:39
end_of_record
TN:
SF:src/features/tickets/TicketFilterBar.tsx
FN:19,TicketFilterBar
FN:29,(anonymous_1)
FN:43,(anonymous_2)
FN:44,handleMouseDown
FN:55,(anonymous_4)
FN:58,handleUserQueryChange
FN:71,(anonymous_6)
FN:89,selectUser
FN:98,handleAssigneeKeyDown
FN:103,(anonymous_9)
FN:106,(anonymous_10)
FN:129,(anonymous_11)
FN:137,(anonymous_12)
FN:155,(anonymous_13)
FN:172,(anonymous_14)
FN:193,(anonymous_15)
FN:199,(anonymous_16)
FN:203,(anonymous_17)
FNF:18
FNH:16
FNDA:114,TicketFilterBar
FNDA:276,(anonymous_1)
FNDA:49,(anonymous_2)
FNDA:1,handleMouseDown
FNDA:49,(anonymous_4)
FNDA:11,handleUserQueryChange
FNDA:10,(anonymous_6)
FNDA:2,selectUser
FNDA:4,handleAssigneeKeyDown
FNDA:2,(anonymous_9)
FNDA:0,(anonymous_10)
FNDA:3,(anonymous_11)
FNDA:2,(anonymous_12)
FNDA:1,(anonymous_13)
FNDA:11,(anonymous_14)
FNDA:18,(anonymous_15)
FNDA:1,(anonymous_16)
FNDA:0,(anonymous_17)
DA:28,114
DA:29,276
DA:32,114
DA:33,114
DA:34,114
DA:35,114
DA:36,114
DA:37,114
DA:38,114
DA:39,114
DA:40,114
DA:43,114
DA:45,1
DA:51,0
DA:54,49
DA:55,49
DA:59,11
DA:60,11
DA:61,11
DA:63,11
DA:65,11
DA:66,1
DA:67,1
DA:68,1
DA:71,10
DA:72,10
DA:73,9
DA:74,9
DA:78,8
DA:79,8
DA:80,8
DA:82,1
DA:83,1
DA:84,1
DA:90,2
DA:91,2
DA:92,2
DA:93,2
DA:94,2
DA:95,2
DA:99,4
DA:101,4
DA:102,2
DA:103,2
DA:104,2
DA:105,0
DA:106,0
DA:107,2
DA:108,1
DA:109,1
DA:110,1
DA:112,1
DA:113,1
DA:114,1
DA:118,114
DA:129,3
DA:137,2
DA:156,1
DA:157,1
DA:172,11
DA:194,18
DA:200,1
DA:201,1
DA:203,0
LF:64
LH:60
BRDA:45,0,0,0
BRDA:45,0,1,1
BRDA:46,1,0,1
BRDA:46,1,1,1
BRDA:46,1,2,0
BRDA:46,1,3,0
BRDA:63,2,0,1
BRDA:63,2,1,10
BRDA:65,3,0,1
BRDA:65,3,1,10
BRDA:72,4,0,1
BRDA:72,4,1,9
BRDA:99,5,0,0
BRDA:99,5,1,4
BRDA:99,6,0,4
BRDA:99,6,1,4
BRDA:101,7,0,2
BRDA:101,7,1,2
BRDA:104,8,0,0
BRDA:104,8,1,2
BRDA:107,9,0,1
BRDA:107,9,1,1
BRDA:109,10,0,1
BRDA:109,10,1,0
BRDA:109,11,0,1
BRDA:109,11,1,1
BRDA:112,12,0,1
BRDA:112,12,1,0
BRDA:134,13,0,114
BRDA:134,13,1,5
BRDA:148,14,0,2
BRDA:148,14,1,112
BRDA:182,15,0,112
BRDA:182,15,1,10
BRDA:188,16,0,1
BRDA:188,16,1,9
BRDA:205,17,0,2
BRDA:205,17,1,16
BRDA:195,18,0,18
BRDA:195,18,1,0
BRDA:195,18,2,0
BRDA:225,19,0,112
BRDA:225,19,1,2
BRDA:227,20,0,2
BRDA:227,20,1,0
BRF:45
BRH:35
end_of_record
TN:
SF:src/features/tickets/TicketListPage.tsx
FN:17,buildJql
FN:27,(anonymous_1)
FN:31,getErrorDetail
FN:50,TicketListPage
FN:55,(anonymous_4)
FN:56,(anonymous_5)
FN:57,(anonymous_6)
FN:58,(anonymous_7)
FN:59,(anonymous_8)
FN:60,(anonymous_9)
FN:61,(anonymous_10)
FN:63,(anonymous_11)
FN:87,(anonymous_12)
FN:90,(anonymous_13)
FN:91,(anonymous_14)
FN:93,(anonymous_15)
FN:97,(anonymous_16)
FN:98,(anonymous_17)
FN:106,handleSelectTicket
FN:111,(anonymous_19)
FN:114,(anonymous_20)
FN:119,(anonymous_21)
FN:123,(anonymous_22)
FN:127,(anonymous_23)
FN:131,(anonymous_24)
FN:182,(anonymous_25)
FN:182,(anonymous_26)
FN:211,(anonymous_27)
FN:216,(anonymous_28)
FNF:29
FNH:24
FNDA:7,buildJql
FNDA:0,(anonymous_1)
FNDA:1,getErrorDetail
FNDA:57,TicketListPage
FNDA:232,(anonymous_4)
FNDA:232,(anonymous_5)
FNDA:232,(anonymous_6)
FNDA:232,(anonymous_7)
FNDA:232,(anonymous_8)
FNDA:232,(anonymous_9)
FNDA:232,(anonymous_10)
FNDA:7,(anonymous_11)
FNDA:19,(anonymous_12)
FNDA:19,(anonymous_13)
FNDA:0,(anonymous_14)
FNDA:19,(anonymous_15)
FNDA:0,(anonymous_16)
FNDA:19,(anonymous_17)
FNDA:1,handleSelectTicket
FNDA:0,(anonymous_19)
FNDA:48,(anonymous_20)
FNDA:57,(anonymous_21)
FNDA:9,(anonymous_22)
FNDA:0,(anonymous_23)
FNDA:26,(anonymous_24)
FNDA:1,(anonymous_25)
FNDA:1,(anonymous_26)
FNDA:42,(anonymous_27)
FNDA:1,(anonymous_28)
DA:23,7
DA:24,7
DA:25,0
DA:27,0
DA:28,0
DA:32,1
DA:33,1
DA:34,1
DA:36,0
DA:37,0
DA:39,0
DA:40,0
DA:42,0
DA:43,0
DA:45,0
DA:51,57
DA:52,57
DA:53,57
DA:54,57
DA:55,232
DA:56,232
DA:57,232
DA:58,232
DA:59,232
DA:60,232
DA:61,232
DA:63,57
DA:64,7
DA:65,7
DA:66,7
DA:67,7
DA:68,7
DA:69,7
DA:75,7
DA:79,6
DA:80,6
DA:82,1
DA:87,57
DA:88,19
DA:90,19
DA:94,19
DA:95,19
DA:97,0
DA:100,19
DA:101,1
DA:107,1
DA:108,1
DA:109,1
DA:111,1
DA:114,57
DA:115,48
DA:116,48
DA:119,57
DA:120,57
DA:121,57
DA:122,3
DA:123,9
DA:125,57
DA:126,0
DA:127,0
DA:128,0
DA:131,57
DA:132,26
DA:133,26
DA:137,57
DA:138,57
DA:139,57
DA:140,57
DA:142,57
DA:182,1
DA:212,42
DA:216,1
LF:72
LH:58
BRDA:23,0,0,0
BRDA:23,0,1,7
BRDA:23,1,0,7
BRDA:23,1,1,0
BRDA:24,2,0,7
BRDA:24,2,1,0
BRDA:25,3,0,0
BRDA:25,3,1,0
BRDA:33,4,0,1
BRDA:33,4,1,0
BRDA:33,5,0,1
BRDA:33,5,1,0
BRDA:33,5,2,0
BRDA:36,6,0,0
BRDA:36,6,1,0
BRDA:36,7,0,0
BRDA:36,7,1,0
BRDA:36,7,2,0
BRDA:39,8,0,0
BRDA:39,8,1,0
BRDA:39,9,0,0
BRDA:39,9,1,0
BRDA:42,10,0,0
BRDA:42,10,1,0
BRDA:42,11,0,0
BRDA:42,11,1,0
BRDA:68,12,0,0
BRDA:68,12,1,7
BRDA:82,13,0,1
BRDA:82,13,1,0
BRDA:100,14,0,1
BRDA:100,14,1,18
BRDA:116,15,0,48
BRDA:116,15,1,48
BRDA:116,15,2,48
BRDA:121,16,0,3
BRDA:121,16,1,54
BRDA:125,17,0,0
BRDA:125,17,1,57
BRDA:128,18,0,0
BRDA:128,18,1,0
BRDA:133,19,0,20
BRDA:133,19,1,6
BRDA:140,20,0,57
BRDA:140,20,1,17
BRDA:140,20,2,3
BRDA:152,21,0,57
BRDA:152,21,1,13
BRDA:155,22,0,57
BRDA:155,22,1,13
BRDA:156,23,0,13
BRDA:156,23,1,44
BRDA:159,24,0,17
BRDA:159,24,1,40
BRDA:163,25,0,57
BRDA:163,25,1,6
BRDA:166,26,0,6
BRDA:166,26,1,5
BRDA:182,27,0,1
BRDA:182,27,1,0
BRDA:187,28,0,57
BRDA:187,28,1,1
BRDA:187,28,2,1
BRDA:198,29,0,57
BRDA:198,29,1,13
BRDA:201,30,0,57
BRDA:201,30,1,2
BRDA:209,31,0,57
BRDA:209,31,1,18
BRF:69
BRH:42
end_of_record
TN:
SF:src/features/tickets/TriageIndicator.tsx
FN:11,TriageIndicator
FN:44,(anonymous_1)
FNF:2
FNH:2
FNDA:9,TriageIndicator
FNDA:1,(anonymous_1)
DA:12,9
DA:14,9
DA:15,2
DA:23,7
DA:24,4
DA:45,1
DA:46,1
DA:58,3
DA:59,1
DA:67,2
LF:10
LH:10
BRDA:14,0,0,2
BRDA:14,0,1,7
BRDA:23,1,0,4
BRDA:23,1,1,3
BRDA:40,2,0,4
BRDA:40,2,1,2
BRDA:58,3,0,1
BRDA:58,3,1,2
BRF:8
BRH:8
end_of_record
TN:
SF:src/features/tickets/UserAvatar.tsx
FN:16,hashDisplayName
FN:24,getAvatarColor
FN:33,UserAvatar
FN:66,(anonymous_3)
FNF:4
FNH:3
FNDA:203,hashDisplayName
FNDA:203,getAvatarColor
FNDA:213,UserAvatar
FNDA:0,(anonymous_3)
DA:5,14
DA:17,203
DA:18,203
DA:19,1432
DA:21,203
DA:25,203
DA:34,213
DA:36,213
DA:38,213
DA:40,10
DA:50,203
DA:51,203
DA:55,203
DA:59,213
DA:60,0
DA:66,0
DA:72,203
LF:17
LH:15
BRDA:33,0,0,213
BRDA:34,1,0,155
BRDA:34,1,1,58
BRDA:38,2,0,10
BRDA:38,2,1,203
BRDA:55,3,0,56
BRDA:55,3,1,147
BRDA:56,4,0,56
BRDA:56,4,1,56
BRDA:59,5,0,0
BRDA:59,5,1,213
BRDA:59,6,0,213
BRDA:59,6,1,0
BRF:13
BRH:11
end_of_record
TN:
SF:src/features/tickets/copyStore.ts
FN:63,(anonymous_0)
FN:66,(anonymous_1)
FN:88,(anonymous_2)
FN:95,(anonymous_3)
FN:120,(anonymous_4)
FN:121,(anonymous_5)
FN:122,(anonymous_6)
FN:123,(anonymous_7)
FN:124,(anonymous_8)
FN:126,(anonymous_9)
FN:129,(anonymous_10)
FN:135,(anonymous_11)
FN:172,(anonymous_12)
FNF:13
FNH:12
FNDA:7,(anonymous_0)
FNDA:8,(anonymous_1)
FNDA:14,(anonymous_2)
FNDA:14,(anonymous_3)
FNDA:1,(anonymous_4)
FNDA:1,(anonymous_5)
FNDA:1,(anonymous_6)
FNDA:1,(anonymous_7)
FNDA:0,(anonymous_8)
FNDA:2,(anonymous_9)
FNDA:2,(anonymous_10)
FNDA:4,(anonymous_11)
FNDA:1,(anonymous_12)
DA:46,7
DA:63,7
DA:67,8
DA:68,8
DA:79,8
DA:80,8
DA:84,7
DA:87,8
DA:88,8
DA:89,14
DA:91,8
DA:94,8
DA:95,8
DA:96,14
DA:99,8
DA:104,8
DA:113,1
DA:120,1
DA:121,1
DA:122,1
DA:123,1
DA:124,0
DA:127,2
DA:128,2
DA:129,2
DA:131,1
DA:136,4
DA:137,4
DA:139,2
DA:144,2
DA:145,2
DA:158,1
DA:160,1
DA:172,1
LF:34
LH:33
BRDA:67,0,0,8
BRDA:67,0,1,8
BRDA:74,1,0,8
BRDA:74,1,1,0
BRDA:84,2,0,7
BRDA:84,2,1,0
BRDA:91,3,0,8
BRDA:91,3,1,0
BRDA:91,3,2,0
BRDA:99,4,0,8
BRDA:99,4,1,0
BRDA:99,4,2,0
BRDA:99,4,3,0
BRDA:128,5,0,1
BRDA:128,5,1,1
BRDA:137,6,0,2
BRDA:137,6,1,2
BRDA:137,7,0,4
BRDA:137,7,1,3
BRDA:150,8,0,2
BRDA:150,8,1,1
BRF:21
BRH:14
end_of_record
TN:
SF:src/features/tickets/ticketStore.ts
FN:48,(anonymous_0)
FN:64,(anonymous_1)
FN:66,(anonymous_2)
FN:77,(anonymous_3)
FN:79,(anonymous_4)
FN:83,(anonymous_5)
FN:88,(anonymous_6)
FN:90,(anonymous_7)
FN:92,(anonymous_8)
FN:94,(anonymous_9)
FN:98,(anonymous_10)
FN:99,(anonymous_11)
FN:100,(anonymous_12)
FN:102,(anonymous_13)
FNF:14
FNH:14
FNDA:11,(anonymous_0)
FNDA:10,(anonymous_1)
FNDA:10,(anonymous_2)
FNDA:4,(anonymous_3)
FNDA:5,(anonymous_4)
FNDA:5,(anonymous_5)
FNDA:11,(anonymous_6)
FNDA:7,(anonymous_7)
FNDA:25,(anonymous_8)
FNDA:14,(anonymous_9)
FNDA:2,(anonymous_10)
FNDA:2,(anonymous_11)
FNDA:1,(anonymous_12)
FNDA:22,(anonymous_13)
DA:48,11
DA:65,10
DA:66,10
DA:67,10
DA:77,4
DA:80,5
DA:81,5
DA:82,3
DA:83,5
DA:84,3
DA:88,11
DA:90,7
DA:93,25
DA:94,25
DA:95,25
DA:98,2
DA:99,2
DA:100,1
DA:103,22
LF:19
LH:19
BRDA:65,0,0,10
BRDA:65,0,1,1
BRDA:81,1,0,3
BRDA:81,1,1,2
BRDA:88,2,0,11
BRDA:88,2,1,9
BRDA:93,3,0,25
BRDA:93,3,1,1
BRDA:104,4,0,22
BRDA:104,4,1,5
BRDA:105,5,0,22
BRDA:105,5,1,21
BRDA:106,6,0,20
BRDA:106,6,1,2
BRDA:107,7,0,22
BRDA:107,7,1,20
BRF:16
BRH:16
end_of_record
TN:
SF:src/features/tickets/utils.ts
FN:10,isDoneTicket
FNF:1
FNH:1
FNDA:64,isDoneTicket
DA:11,64
DA:12,64
DA:13,4
DA:16,60
DA:17,60
LF:5
LH:5
BRDA:12,0,0,4
BRDA:12,0,1,60
BRDA:17,1,0,60
BRDA:17,1,1,60
BRDA:17,1,2,60
BRF:5
BRH:5
end_of_record
TN:
SF:src/features/tickets/tabs/AttachmentsTab.tsx
FN:8,formatSize
FN:16,AttachmentsTab
FN:29,(anonymous_2)
FNF:3
FNH:3
FNDA:8,formatSize
FNDA:8,AttachmentsTab
FNDA:8,(anonymous_2)
DA:9,8
DA:10,7
DA:11,7
DA:12,1
DA:13,1
DA:17,8
DA:19,8
DA:20,1
DA:27,7
DA:30,8
LF:10
LH:10
BRDA:9,0,0,1
BRDA:9,0,1,7
BRDA:11,1,0,6
BRDA:11,1,1,1
BRDA:19,2,0,1
BRDA:19,2,1,7
BRF:6
BRH:6
end_of_record
TN:
SF:src/features/tickets/tabs/CommentsTab.tsx
FN:10,CommentsTab
FN:23,(anonymous_1)
FNF:2
FNH:2
FNDA:7,CommentsTab
FNDA:7,(anonymous_1)
DA:11,7
DA:13,7
DA:14,1
DA:21,6
DA:24,7
LF:5
LH:5
BRDA:13,0,0,1
BRDA:13,0,1,6
BRDA:33,1,0,6
BRDA:33,1,1,1
BRF:4
BRH:4
end_of_record
TN:
SF:src/features/tickets/tabs/HistoryTab.tsx
FN:13,HistoryTab
FN:18,(anonymous_1)
FN:21,fetchChangelog
FN:38,(anonymous_3)
FN:77,(anonymous_4)
FN:87,(anonymous_5)
FNF:6
FNH:6
FNDA:11,HistoryTab
FNDA:6,(anonymous_1)
FNDA:6,fetchChangelog
FNDA:6,(anonymous_3)
FNDA:4,(anonymous_4)
FNDA:4,(anonymous_5)
DA:14,11
DA:15,11
DA:16,11
DA:18,11
DA:19,6
DA:22,6
DA:23,6
DA:27,4
DA:28,4
DA:31,1
DA:32,1
DA:37,6
DA:38,6
DA:39,6
DA:44,11
DA:45,6
DA:58,5
DA:59,1
DA:67,4
DA:68,2
DA:75,2
DA:78,4
DA:89,4
LF:23
LH:23
BRDA:27,0,0,4
BRDA:27,0,1,0
BRDA:31,1,0,1
BRDA:31,1,1,0
BRDA:32,2,0,1
BRDA:32,2,1,0
BRDA:44,3,0,6
BRDA:44,3,1,5
BRDA:44,4,0,11
BRDA:44,4,1,7
BRDA:58,5,0,1
BRDA:58,5,1,4
BRDA:67,6,0,2
BRDA:67,6,1,2
BRDA:67,7,0,4
BRDA:67,7,1,4
BRDA:92,8,0,4
BRDA:92,8,1,4
BRDA:93,9,0,4
BRDA:93,9,1,4
BRDA:94,10,0,4
BRDA:94,10,1,4
BRF:22
BRH:19
end_of_record
TN:
SF:src/features/tickets/tabs/OverviewTab.tsx
FN:13,FieldItem
FN:22,OverviewTab
FN:58,(anonymous_2)
FN:65,(anonymous_3)
FN:85,(anonymous_4)
FN:96,(anonymous_5)
FN:124,(anonymous_6)
FN:138,(anonymous_7)
FNF:8
FNH:8
FNDA:87,FieldItem
FNDA:29,OverviewTab
FNDA:19,(anonymous_2)
FNDA:19,(anonymous_3)
FNDA:7,(anonymous_4)
FNDA:1,(anonymous_5)
FNDA:1,(anonymous_6)
FNDA:1,(anonymous_7)
DA:14,87
DA:23,29
DA:25,29
DA:58,19
DA:65,19
DA:86,7
DA:98,1
DA:105,1
DA:106,1
DA:107,1
DA:108,1
DA:109,1
DA:110,1
DA:111,1
DA:113,1
DA:121,1
DA:125,1
DA:126,1
DA:127,1
DA:128,1
DA:139,1
LF:21
LH:21
BRDA:33,0,0,29
BRDA:33,0,1,1
BRDA:40,1,0,29
BRDA:40,1,1,1
BRDA:53,2,0,28
BRDA:53,2,1,1
BRDA:58,3,0,19
BRDA:58,3,1,10
BRDA:64,4,0,19
BRDA:64,4,1,10
BRDA:82,5,0,29
BRDA:82,5,1,7
BRDA:96,6,0,29
BRDA:96,6,1,1
BRDA:107,7,0,1
BRDA:107,7,1,0
BRDA:108,8,0,0
BRDA:108,8,1,1
BRDA:109,9,0,1
BRDA:109,9,1,0
BRDA:110,10,0,1
BRDA:110,10,1,0
BRDA:125,11,0,1
BRDA:125,11,1,0
BRDA:126,12,0,1
BRDA:126,12,1,0
BRDA:127,13,0,0
BRDA:127,13,1,1
BRDA:131,14,0,1
BRDA:131,14,1,0
BRF:30
BRH:22
end_of_record
TN:
SF:src/features/tickets/tabs/WorkLogTab.tsx
FN:13,WorkLogTab
FN:18,(anonymous_1)
FN:21,fetchWorklogs
FN:38,(anonymous_3)
FN:77,(anonymous_4)
FNF:5
FNH:5
FNDA:13,WorkLogTab
FNDA:7,(anonymous_1)
FNDA:7,fetchWorklogs
FNDA:7,(anonymous_3)
FNDA:6,(anonymous_4)
DA:14,13
DA:15,13
DA:16,13
DA:18,13
DA:19,7
DA:22,7
DA:23,7
DA:27,5
DA:28,5
DA:31,1
DA:32,1
DA:37,7
DA:38,7
DA:39,7
DA:44,13
DA:45,7
DA:58,6
DA:59,1
DA:67,5
DA:68,2
DA:75,3
DA:78,6
LF:22
LH:22
BRDA:27,0,0,5
BRDA:27,0,1,0
BRDA:31,1,0,1
BRDA:31,1,1,0
BRDA:32,2,0,1
BRDA:32,2,1,0
BRDA:44,3,0,7
BRDA:44,3,1,6
BRDA:44,4,0,13
BRDA:44,4,1,8
BRDA:58,5,0,1
BRDA:58,5,1,5
BRDA:67,6,0,2
BRDA:67,6,1,3
BRDA:67,7,0,5
BRDA:67,7,1,5
BRDA:89,8,0,6
BRDA:89,8,1,3
BRF:18
BRH:15
end_of_record
TN:
SF:src/features/update/AboutModal.tsx
FN:18,AboutModal
FN:36,(anonymous_1)
FNF:2
FNH:1
FNDA:11,AboutModal
FNDA:0,(anonymous_1)
DA:19,11
DA:21,11
DA:36,0
LF:3
LH:2
BRF:0
BRH:0
end_of_record
TN:
SF:src/features/update/AboutSection.tsx
FN:12,formatRelativeTime
FN:27,AboutSection
FN:29,(anonymous_2)
FN:30,(anonymous_3)
FN:31,(anonymous_4)
FN:36,(anonymous_5)
FN:39,(anonymous_6)
FN:42,handleCheckForUpdates
FN:82,(anonymous_8)
FNF:9
FNH:8
FNDA:7,formatRelativeTime
FNDA:41,AboutSection
FNDA:136,(anonymous_2)
FNDA:136,(anonymous_3)
FNDA:136,(anonymous_4)
FNDA:17,(anonymous_5)
FNDA:0,(anonymous_6)
FNDA:7,handleCheckForUpdates
FNDA:1,(anonymous_8)
DA:13,7
DA:14,7
DA:15,7
DA:16,7
DA:17,7
DA:18,7
DA:19,7
DA:21,7
DA:22,1
DA:23,1
DA:24,0
DA:28,41
DA:29,136
DA:30,136
DA:31,136
DA:33,41
DA:34,41
DA:36,41
DA:37,17
DA:39,0
DA:43,7
DA:44,7
DA:45,7
DA:46,7
DA:47,2
DA:48,1
DA:54,1
DA:59,4
DA:60,4
DA:61,3
DA:63,1
DA:68,41
DA:82,1
LF:33
LH:31
BRDA:21,0,0,6
BRDA:21,0,1,1
BRDA:22,1,0,0
BRDA:22,1,1,1
BRDA:22,2,0,0
BRDA:22,2,1,0
BRDA:23,3,0,1
BRDA:23,3,1,0
BRDA:23,4,0,1
BRDA:23,4,1,0
BRDA:24,5,0,0
BRDA:24,5,1,0
BRDA:47,6,0,1
BRDA:47,6,1,1
BRDA:50,7,0,1
BRDA:50,7,1,0
BRDA:59,8,0,4
BRDA:59,8,1,0
BRDA:60,9,0,3
BRDA:60,9,1,1
BRDA:60,10,0,4
BRDA:60,10,1,3
BRDA:60,10,2,2
BRDA:75,11,0,24
BRDA:75,11,1,17
BRDA:96,12,0,7
BRDA:96,12,1,34
BRDA:101,13,0,41
BRDA:101,13,1,7
BRDA:107,14,0,41
BRDA:107,14,1,5
BRDA:114,15,0,41
BRDA:114,15,1,3
BRDA:122,16,0,41
BRDA:122,16,1,2
BRDA:122,16,2,2
BRDA:127,17,0,41
BRDA:127,17,1,38
BRDA:132,18,0,38
BRDA:132,18,1,31
BRDA:132,18,2,31
BRDA:133,19,0,7
BRDA:133,19,1,31
BRDA:136,20,0,38
BRDA:136,20,1,7
BRDA:139,21,0,7
BRDA:139,21,1,31
BRF:47
BRH:38
end_of_record
TN:
SF:src/features/update/UpdateModal.tsx
FN:30,UpdateModal
FN:32,(anonymous_1)
FN:33,(anonymous_2)
FN:34,(anonymous_3)
FN:35,(anonymous_4)
FN:39,handleUpdate
FN:50,(anonymous_6)
FN:72,handleLater
FN:76,handleTryAgain
FN:83,(anonymous_9)
FN:92,(anonymous_10)
FN:93,(anonymous_11)
FNF:12
FNH:8
FNDA:26,UpdateModal
FNDA:80,(anonymous_1)
FNDA:80,(anonymous_2)
FNDA:80,(anonymous_3)
FNDA:80,(anonymous_4)
FNDA:1,handleUpdate
FNDA:0,(anonymous_6)
FNDA:1,handleLater
FNDA:1,handleTryAgain
FNDA:0,(anonymous_9)
FNDA:0,(anonymous_10)
FNDA:0,(anonymous_11)
DA:31,26
DA:32,80
DA:33,80
DA:34,80
DA:35,80
DA:37,26
DA:40,1
DA:41,1
DA:43,1
DA:44,1
DA:46,1
DA:47,1
DA:50,1
DA:52,0
DA:53,0
DA:55,0
DA:56,0
DA:57,0
DA:58,0
DA:60,0
DA:61,0
DA:66,1
DA:68,0
DA:73,1
DA:77,1
DA:80,26
DA:85,0
DA:86,0
DA:92,0
DA:95,0
DA:96,0
LF:31
LH:17
BRDA:37,0,0,26
BRDA:37,0,1,23
BRDA:41,1,0,0
BRDA:41,1,1,1
BRDA:52,2,0,0
BRDA:52,2,1,0
BRDA:55,3,0,0
BRDA:55,3,1,0
BRDA:56,4,0,0
BRDA:56,4,1,0
BRDA:57,5,0,0
BRDA:57,5,1,0
BRDA:60,6,0,0
BRDA:60,6,1,0
BRDA:85,7,0,0
BRDA:85,7,1,0
BRDA:85,8,0,0
BRDA:85,8,1,0
BRDA:95,9,0,0
BRDA:95,9,1,0
BRDA:102,10,0,26
BRDA:102,10,1,15
BRDA:110,11,0,26
BRDA:110,11,1,20
BRDA:110,11,2,9
BRDA:113,12,0,9
BRDA:113,12,1,1
BRDA:119,13,0,26
BRDA:119,13,1,23
BRDA:119,13,2,5
BRDA:129,14,0,2
BRDA:129,14,1,3
BRDA:137,15,0,26
BRDA:137,15,1,3
BRDA:137,15,2,3
BRDA:148,16,0,3
BRDA:148,16,1,23
BRF:37
BRH:20
end_of_record
TN:
SF:src/features/update/VersionHistoryModal.tsx
FN:33,parseChangelog
FN:54,(anonymous_1)
FN:68,parseSections
FN:96,filterSections
FN:98,(anonymous_4)
FN:99,(anonymous_5)
FN:101,(anonymous_6)
FN:103,(anonymous_7)
FN:106,countItems
FN:107,(anonymous_9)
FN:115,VersionBlock
FN:134,(anonymous_11)
FN:170,(anonymous_12)
FN:178,(anonymous_13)
FN:199,VersionHistoryModal
FN:220,(anonymous_15)
FNF:16
FNH:16
FNDA:50,parseChangelog
FNDA:250,(anonymous_1)
FNDA:250,parseSections
FNDA:250,filterSections
FNDA:950,(anonymous_4)
FNDA:450,(anonymous_5)
FNDA:9150,(anonymous_6)
FNDA:450,(anonymous_7)
FNDA:47,countItems
FNDA:83,(anonymous_9)
FNDA:47,VersionBlock
FNDA:2,(anonymous_11)
FNDA:10,(anonymous_12)
FNDA:37,(anonymous_13)
FNDA:50,VersionHistoryModal
FNDA:250,(anonymous_15)
DA:9,5
DA:21,5
DA:34,50
DA:35,50
DA:37,50
DA:38,50
DA:39,300
DA:40,300
DA:42,250
DA:43,250
DA:45,250
DA:46,250
DA:47,250
DA:49,300
DA:54,250
DA:55,50
DA:56,0
DA:57,0
DA:58,0
DA:59,0
DA:62,0
DA:65,50
DA:69,250
DA:70,250
DA:71,250
DA:72,250
DA:74,250
DA:75,24250
DA:77,24250
DA:78,950
DA:79,700
DA:81,950
DA:82,950
DA:83,23300
DA:84,21650
DA:88,250
DA:89,250
DA:92,250
DA:97,250
DA:98,950
DA:99,450
DA:101,9150
DA:103,450
DA:107,83
DA:126,47
DA:127,47
DA:128,47
DA:130,47
DA:134,2
DA:171,10
DA:179,37
DA:200,50
DA:201,50
DA:203,50
DA:221,250
DA:222,250
LF:56
LH:51
BRDA:40,0,0,50
BRDA:40,0,1,250
BRDA:43,1,0,0
BRDA:43,1,1,250
BRDA:47,2,0,250
BRDA:47,2,1,0
BRDA:55,3,0,0
BRDA:55,3,1,50
BRDA:58,4,0,0
BRDA:58,4,1,0
BRDA:77,5,0,950
BRDA:77,5,1,23300
BRDA:78,6,0,700
BRDA:78,6,1,250
BRDA:78,7,0,950
BRDA:78,7,1,700
BRDA:83,8,0,21650
BRDA:83,8,1,1650
BRDA:83,9,0,23300
BRDA:83,9,1,21650
BRDA:88,10,0,250
BRDA:88,10,1,0
BRDA:88,11,0,250
BRDA:88,11,1,250
BRDA:141,12,0,10
BRDA:141,12,1,37
BRDA:148,13,0,47
BRDA:148,13,1,10
BRDA:153,14,0,47
BRDA:153,14,1,37
BRDA:156,15,0,18
BRDA:156,15,1,19
BRDA:163,16,0,10
BRDA:163,16,1,37
BRDA:168,17,0,47
BRDA:168,17,1,10
BRDA:168,17,2,10
BRDA:173,18,0,10
BRDA:173,18,1,0
BRDA:190,19,0,47
BRDA:190,19,1,10
BRDA:190,19,2,0
BRDA:214,20,0,0
BRDA:214,20,1,50
BRF:44
BRH:35
end_of_record
TN:
SF:src/features/update/updateStore.ts
FN:37,(anonymous_0)
FN:44,(anonymous_1)
FN:45,(anonymous_2)
FN:47,(anonymous_3)
FN:49,(anonymous_4)
FN:50,(anonymous_5)
FN:51,(anonymous_6)
FN:52,(anonymous_7)
FN:53,(anonymous_8)
FN:54,(anonymous_9)
FNF:10
FNH:10
FNDA:6,(anonymous_0)
FNDA:9,(anonymous_1)
FNDA:4,(anonymous_2)
FNDA:7,(anonymous_3)
FNDA:3,(anonymous_4)
FNDA:2,(anonymous_5)
FNDA:2,(anonymous_6)
FNDA:3,(anonymous_7)
FNDA:3,(anonymous_8)
FNDA:4,(anonymous_9)
DA:37,6
DA:44,9
DA:46,4
DA:48,7
DA:49,3
DA:50,2
DA:51,2
DA:52,3
DA:53,3
DA:54,4
LF:10
LH:10
BRF:0
BRH:0
end_of_record
TN:
SF:src/features/update/useUpdateCheck.ts
FN:5,useUpdateCheck
FN:8,(anonymous_1)
FN:13,(anonymous_2)
FNF:3
FNH:3
FNDA:29,useUpdateCheck
FNDA:11,(anonymous_1)
FNDA:11,(anonymous_2)
DA:6,29
DA:8,29
DA:9,11
DA:10,11
DA:13,11
DA:14,11
DA:15,11
DA:16,8
DA:17,0
DA:25,3
DA:29,11
LF:11
LH:10
BRDA:9,0,0,0
BRDA:9,0,1,11
BRDA:16,1,0,0
BRDA:16,1,1,8
BRDA:19,2,0,0
BRDA:19,2,1,0
BRDA:25,3,0,3
BRDA:25,3,1,0
BRF:8
BRH:3
end_of_record
TN:
SF:src/i18n/index.ts
FNF:0
FNH:0
DA:6,44
LF:1
LH:1
BRF:0
BRH:0
end_of_record
TN:
SF:src/i18n/languageStore.ts
FN:12,(anonymous_0)
FN:14,(anonymous_1)
FN:16,(anonymous_2)
FN:21,hydrateLanguage
FN:22,(anonymous_4)
FN:28,(anonymous_5)
FN:32,(anonymous_6)
FNF:7
FNH:3
FNDA:15,(anonymous_0)
FNDA:8,(anonymous_1)
FNDA:0,(anonymous_2)
FNDA:17,hydrateLanguage
FNDA:0,(anonymous_4)
FNDA:0,(anonymous_5)
FNDA:0,(anonymous_6)
DA:12,15
DA:15,8
DA:16,8
DA:17,8
DA:22,17
DA:23,16
DA:24,10
DA:25,10
DA:28,6
DA:29,6
DA:30,6
DA:31,6
DA:32,6
LF:13
LH:13
BRDA:23,0,0,10
BRDA:23,0,1,6
BRDA:23,1,0,16
BRDA:23,1,1,7
BRDA:29,2,0,1
BRDA:29,2,1,5
BRF:6
BRH:6
end_of_record
TN:
SF:src/lib/format.ts
FN:5,formatDate
FN:18,formatRelativeTime
FN:32,formatTimestamp
FNF:3
FNH:3
FNDA:15,formatDate
FNDA:215,formatRelativeTime
FNDA:33,formatTimestamp
DA:3,14
DA:6,15
DA:7,15
DA:8,15
DA:19,215
DA:20,215
DA:21,215
DA:22,215
DA:23,215
DA:24,215
DA:25,215
DA:26,215
DA:27,157
DA:28,149
DA:29,148
DA:33,33
DA:34,33
DA:35,33
LF:18
LH:18
BRDA:10,0,0,15
BRDA:10,0,1,14
BRDA:26,1,0,58
BRDA:26,1,1,157
BRDA:27,2,0,8
BRDA:27,2,1,149
BRDA:28,3,0,1
BRDA:28,3,1,148
BRF:8
BRH:8
end_of_record
TN:
SF:src/lib/utils.ts
FN:4,cn
FNF:1
FNH:1
FNDA:2125,cn
DA:5,2125
LF:1
LH:1
BRF:0
BRH:0
end_of_record
